#
# A fatal error has been detected by the Java Runtime Environment:
#
#  SIGSEGV (0xb) at pc=0x00007ff802b995a6, pid=99861, tid=259
#
# JRE version: Java(TM) SE Runtime Environment (21.0+35) (build 21+35-LTS-2513)
# Java VM: Java HotSpot(TM) 64-Bit Server VM (21+35-LTS-2513, mixed mode, sharing, tiered, compressed oops, compressed class ptrs, g1 gc, bsd-amd64)
# Problematic frame:
# C  [libobjc.A.dylib+0x75a6]  lookUpImpOrForward+0x50
#
# No core dump will be written. Core dumps have been disabled. To enable core dumping, try "ulimit -c unlimited" before starting Java again
#
# If you would like to submit a bug report, please visit:
#   https://bugreport.java.com/bugreport/crash.jsp
# The crash happened outside the Java Virtual Machine in native code.
# See problematic frame for where to report the bug.
#

---------------  S U M M A R Y ------------

Command Line: -Dfile.encoding=UTF-8 --module-path=/Users/raani/Desktop/java project /BankManagement/build/classes bankmanagement.MiniStatement

Host: "MacBookAir7,2" x86_64 1800 MHz, 4 cores, 8G, Darwin 21.6.0, macOS 12.6.8 (21G725)
Time: Tue Oct 31 21:45:38 2023 IST elapsed time: 3.636404 seconds (0d 0h 0m 3s)

---------------  T H R E A D  ---------------

Current thread (0x00007fd070837400):  JavaThread "AppKit Thread" daemon [_thread_in_native, id=259, stack(0x00007ff7b2416000,0x00007ff7b2c16000) (8192K)]

Stack: [0x00007ff7b2416000,0x00007ff7b2c16000],  sp=0x00007ff7b2c0f980,  free space=8166k
Native frames: (J=compiled Java code, j=interpreted, Vv=VM code, C=native code)
C  [libobjc.A.dylib+0x75a6]  lookUpImpOrForward+0x50
C  [libobjc.A.dylib+0x6f9b]  _objc_msgSend_uncached+0x4b
C  [libawt_lwawt.dylib+0x76e52]  -[MTLLayer blitTexture]+0xc2
j  sun.java2d.metal.MTLLayer.blitTexture(J)V+0 java.desktop@21
j  sun.java2d.metal.MTLLayer.lambda$drawInMTLContext$4(J)V+1 java.desktop@21
j  sun.java2d.metal.MTLLayer$$Lambda+0x000000012e1a6338.run(J)V+1 java.desktop@21
j  sun.lwawt.macosx.CFRetainedResource.execute(Lsun/lwawt/macosx/CFRetainedResource$CFNativeAction;)V+23 java.desktop@21
j  sun.java2d.metal.MTLLayer.drawInMTLContext()V+14 java.desktop@21
v  ~StubRoutines::call_stub 0x0000000120c55cc6
V  [libjvm.dylib+0x5ab7c4]  JavaCalls::call_helper(JavaValue*, methodHandle const&, JavaCallArguments*, JavaThread*)+0x2b4
V  [libjvm.dylib+0x6154cf]  jni_invoke_nonstatic(JNIEnv_*, JavaValue*, _jobject*, JNICallType, _jmethodID*, JNI_ArgumentPusher*, JavaThread*)+0x34f
V  [libjvm.dylib+0x61a31b]  jni_CallVoidMethod+0x18b
C  [libawt_lwawt.dylib+0x775d6]  -[MTLLayer blitCallback]+0x296
C  [libawt_lwawt.dylib+0x7770f]  -[MTLLayer display]+0x5f
C  [QuartzCore+0x21a07]  CA::Layer::display_if_needed(CA::Transaction*)+0x369
C  [QuartzCore+0x1792aa]  CA::Context::commit_transaction(CA::Transaction*, double, double*)+0x280
C  [QuartzCore+0x2e6d]  CA::Transaction::commit()+0x309
C  [AppKit+0x1ab191]  __62+[CATransaction(NSCATransaction) NS_setFlushesWithDisplayLink]_block_invoke+0x11d
C  [AppKit+0x8f2f1c]  ___NSRunLoopObserverCreateWithHandler_block_invoke+0x29
C  [CoreFoundation+0x7f500]  __CFRUNLOOP_IS_CALLING_OUT_TO_AN_OBSERVER_CALLBACK_FUNCTION__+0x17
C  [CoreFoundation+0x7f392]  __CFRunLoopDoObservers+0x21f
C  [CoreFoundation+0x7e824]  __CFRunLoopRun+0x348
C  [CoreFoundation+0x7de1c]  CFRunLoopRunSpecific+0x232
C  [HIToolbox+0x2e5e6]  RunCurrentEventLoopInMode+0x124
C  [HIToolbox+0x2e34a]  ReceiveNextEventCommon+0x252
C  [HIToolbox+0x2e0e5]  _BlockUntilNextEventMatchingListInModeWithFilter+0x46
C  [AppKit+0x3ef6d]  _DPSNextEvent+0x39f
C  [AppKit+0x3d62a]  -[NSApplication(NSEvent) _nextEventMatchingEventMask:untilDate:inMode:dequeue:]+0x572
C  [libosxapp.dylib+0x45aa]  -[NSApplicationAWT nextEventMatchingMask:untilDate:inMode:dequeue:]+0x7a
C  [AppKit+0x2fcd9]  -[NSApplication run]+0x24a
C  [libosxapp.dylib+0x4379]  +[NSApplicationAWT runAWTLoopWithApp:]+0xa9
C  [libawt_lwawt.dylib+0x6f650]  +[AWTStarter starter:headless:]+0x1f0
C  [libosxapp.dylib+0x604f]  +[ThreadUtilities invokeBlockCopy:]+0xf
C  [Foundation+0x81517]  __NSThreadPerformPerform+0xb3
C  [CoreFoundation+0x8015b]  __CFRUNLOOP_IS_CALLING_OUT_TO_A_SOURCE0_PERFORM_FUNCTION__+0x11
C  [CoreFoundation+0x800c3]  __CFRunLoopDoSource0+0xb4
C  [CoreFoundation+0x7fe3d]  __CFRunLoopDoSources0+0xf2
C  [CoreFoundation+0x7e858]  __CFRunLoopRun+0x37c
C  [CoreFoundation+0x7de1c]  CFRunLoopRunSpecific+0x232
C  [libjli.dylib+0x6ee2]  CreateExecutionEnvironment+0x182
C  [libjli.dylib+0x28bd]  JLI_Launch+0x54d
C  [java+0x3c17]  main+0x187
C  0x000000011133e52e
Java frames: (J=compiled Java code, j=interpreted, Vv=VM code)
j  sun.java2d.metal.MTLLayer.blitTexture(J)V+0 java.desktop@21
j  sun.java2d.metal.MTLLayer.lambda$drawInMTLContext$4(J)V+1 java.desktop@21
j  sun.java2d.metal.MTLLayer$$Lambda+0x000000012e1a6338.run(J)V+1 java.desktop@21
j  sun.lwawt.macosx.CFRetainedResource.execute(Lsun/lwawt/macosx/CFRetainedResource$CFNativeAction;)V+23 java.desktop@21
j  sun.java2d.metal.MTLLayer.drawInMTLContext()V+14 java.desktop@21
v  ~StubRoutines::call_stub 0x0000000120c55cc6

siginfo: si_signo: 11 (SIGSEGV), si_code: 1 (SEGV_MAPERR), si_addr: 0x0000000000000000

Registers:
RAX=0x0000000000000000, RBX=0x00007ffffffffff8, RCX=0x0000000000000000, RDX=0x00007fd06ea9ca00
RSP=0x00007ff7b2c0f980, RBP=0x00007ff7b2c0ff10, RSI=0x00007ff81d157206, RDI=0x00007fd06ea99a00
R8 =0x00007fd06f00c038, R9 =0xfffeffffffffffff, R10=0x00007fd06ea9ca00, R11=0x00007fd06ea99a70
R12=0x00007fd06ea99a00, R13=0x000000016ede4930, R14=0x0000000000000003, R15=0x00007fd06ea9ca00
RIP=0x00007ff802b995a6, EFLAGS=0x0000000000010246, ERR=0x0000000000000004
  TRAPNO=0x000000000000000e


Register to memory mapping:

RAX=0x0 is null
RBX=0x00007ffffffffff8 is an unknown value
RCX=0x0 is null
RDX=0x00007fd06ea9ca00 points into unknown readable memory: 0x0000000000000000 | 00 00 00 00 00 00 00 00
RSP=0x00007ff7b2c0f980 is pointing into the stack for thread: 0x00007fd070837400
RBP=0x00007ff7b2c0ff10 is pointing into the stack for thread: 0x00007fd070837400
RSI=0x00007ff81d157206 points into unknown readable memory: 77 69
RDI=0x00007fd06ea99a00 points into unknown readable memory: 0x00007fd06ea9ca00 | 00 ca a9 6e d0 7f 00 00
R8 =0x00007fd06f00c038 points into unknown readable memory: 0x0000000000000000 | 00 00 00 00 00 00 00 00
R9 =0xfffeffffffffffff is an unknown value
R10=0x00007fd06ea9ca00 points into unknown readable memory: 0x0000000000000000 | 00 00 00 00 00 00 00 00
R11=0x00007fd06ea99a70 points into unknown readable memory: 0x0000000000000000 | 00 00 00 00 00 00 00 00
R12=0x00007fd06ea99a00 points into unknown readable memory: 0x00007fd06ea9ca00 | 00 ca a9 6e d0 7f 00 00
R13={method} {0x000000016ede4930} 'blitTexture' '(J)V' in 'sun/java2d/metal/MTLLayer'
R14=0x0000000000000003 is an unknown value
R15=0x00007fd06ea9ca00 points into unknown readable memory: 0x0000000000000000 | 00 00 00 00 00 00 00 00

Top of Stack: (sp=0x00007ff7b2c0f980)
0x00007ff7b2c0f980:   0000000000000000 00007ff7b2c0f980
0x00007ff7b2c0f990:   0000003002000000 000000011135db15
0x00007ff7b2c0f9a0:   000000011135db23 0000000000000000
0x00007ff7b2c0f9b0:   00006000022273c0 000000010d42b000
0x00007ff7b2c0f9c0:   00006000022273c0 00007ff802b212ca
0x00007ff7b2c0f9d0:   0000000000000000 00006000022273c0
0x00007ff7b2c0f9e0:   00007ff7b2c0fa20 0000000000000155
0x00007ff7b2c0f9f0:   0000000000000001 00007ff802bae090
0x00007ff7b2c0fa00:   00007ff81d1a09a8 00006000007611f0
0x00007ff7b2c0fa10:   00007ff8029e4000 00007ff802bae090
0x00007ff7b2c0fa20:   000000010e334d1c 00006000007611f0
0x00007ff7b2c0fa30:   00007ff8029e4000 000000010e364840
0x00007ff7b2c0fa40:   0000000000000003 000000010e2ffd90
0x00007ff7b2c0fa50:   00000000ffdd7590 000000010e364850
0x00007ff7b2c0fa60:   00007ff7b2c10000 00007ff802b99759
0x00007ff7b2c0fa70:   0000000000000000 0000000787905010
0x00007ff7b2c0fa80:   00000007872dcb50 0000000787905068
0x00007ff7b2c0fa90:   0000000200000010 00000007872dcb50
0x00007ff7b2c0faa0:   00000007ffe88488 000000000000000b
0x00007ff7b2c0fab0:   00007ff7b2c0fb58 0000000119835ec4
0x00007ff7b2c0fac0:   00006000007611f0 000000012d17cab0
0x00007ff7b2c0fad0:   00007ff81d157206 00000003872dd120
0x00007ff7b2c0fae0:   00007ff7b2c0fb58 0000000120c5d5f2
0x00007ff7b2c0faf0:   00007ff7b2c0fb58 0000000120c5d284
0x00007ff7b2c0fb00:   000000010e300fe0 0000000000000000
0x00007ff7b2c0fb10:   00007ff7b2c0fb10 000000012d6bac8a
0x00007ff7b2c0fb20:   0000000000000007 000000012d065600
0x00007ff7b2c0fb30:   0000000000000000 00000007ffe80610
0x00007ff7b2c0fb40:   000000012d0689c8 0000000000000000
0x00007ff7b2c0fb50:   00007ff7b2c0fb88 00007ff7b2c0fbe0
0x00007ff7b2c0fb60:   0000000120c5d284 000000010e300fe0
0x00007ff7b2c0fb70:   0000000000000000 00000007872dd120 

Instructions: (pc=0x00007ff802b995a6)
0x00007ff802b994a6:   00 00 00 00 00 66 66 66 66 66 66 2e 0f 1f 84 00
0x00007ff802b994b6:   00 00 00 00 66 0f 1f 44 00 00 f6 c2 01 75 0a 4c
0x00007ff802b994c6:   8b 5a 10 48 8b 12 41 ff e3 55 48 89 e5 48 81 ec
0x00007ff802b994d6:   80 00 00 00 66 0f 7f 45 80 50 66 0f 7f 4d 90 57
0x00007ff802b994e6:   66 0f 7f 55 a0 56 66 0f 7f 5d b0 66 0f 7f 65 c0
0x00007ff802b994f6:   51 66 0f 7f 6d d0 41 50 66 0f 7f 75 e0 41 51 66
0x00007ff802b99506:   0f 7f 7d f0 48 89 d7 e8 40 9c 01 00 48 89 d2 49
0x00007ff802b99516:   89 c3 66 0f 6f 45 80 41 59 66 0f 6f 4d 90 41 58
0x00007ff802b99526:   66 0f 6f 55 a0 59 66 0f 6f 5d b0 66 0f 6f 65 c0
0x00007ff802b99536:   5e 66 0f 6f 6d d0 5f 66 0f 6f 75 e0 58 66 0f 6f
0x00007ff802b99546:   7d f0 c9 41 ff e3 90 90 90 90 90 90 90 90 90 90
0x00007ff802b99556:   55 48 89 e5 41 57 41 56 41 55 41 54 53 48 81 ec
0x00007ff802b99566:   68 05 00 00 41 89 ce 49 89 d7 48 89 b5 c0 fb ff
0x00007ff802b99576:   ff 49 89 fc 48 8b 05 af 89 e6 3f 48 8b 00 48 89
0x00007ff802b99586:   45 d0 48 bb f8 ff ff ff ff 7f 00 00 48 8b 02 48
0x00007ff802b99596:   8d 48 ff 48 83 f9 0f 72 0e 49 8b 4f 20 48 21 d9
0x00007ff802b995a6:   8b 09 f6 c1 01 75 0c 48 21 d8 48 8b 40 20 48 21
0x00007ff802b995b6:   d8 8b 08 0f ba e1 1d 0f 83 c4 02 00 00 65 8b 0c
0x00007ff802b995c6:   25 18 00 00 00 31 c0 f0 0f b1 0d 1b 2f 8e 41 74
0x00007ff802b995d6:   11 48 8d 3d 12 2f 8e 41 be 00 00 05 00 e8 fe 0a
0x00007ff802b995e6:   02 00 49 8b 07 48 ff c8 48 83 f8 0f 0f 82 22 02
0x00007ff802b995f6:   00 00 49 8b 47 20 48 21 d8 83 38 00 0f 89 12 02
0x00007ff802b99606:   00 00 0f b7 40 04 39 05 56 ca 89 41 0f 86 02 02
0x00007ff802b99616:   00 00 48 8b 0d 41 ca 89 41 48 c1 e0 04 4c 39 3c
0x00007ff802b99626:   01 0f 87 ed 01 00 00 4c 39 7c 01 08 0f 86 e2 01
0x00007ff802b99636:   00 00 49 8b 07 48 ff c8 48 83 f8 0f 0f 82 2a 02
0x00007ff802b99646:   00 00 49 8b 47 20 48 21 d8 83 38 00 0f 89 1a 02
0x00007ff802b99656:   00 00 41 f6 c6 01 74 2e 49 8b 07 48 8d 48 ff 48
0x00007ff802b99666:   83 f9 0f 72 0e 49 8b 4f 20 48 21 d9 8b 09 f6 c1
0x00007ff802b99676:   01 75 09 48 21 d8 48 23 58 20 8b 0b 0f ba e1 1d
0x00007ff802b99686:   0f 83 f9 02 00 00 4c 89 a5 b0 fb ff ff 44 89 b5
0x00007ff802b99696:   cc fb ff ff 48 8b 05 67 a6 89 41 8b 58 08 45 31 


Stack slot to memory mapping:

stack at sp + 0 slots: 0x0 is null
stack at sp + 1 slots: 0x00007ff7b2c0f980 is pointing into the stack for thread: 0x00007fd070837400
stack at sp + 2 slots: 0x0000003002000000 is an unknown value
stack at sp + 3 slots: 0x000000011135db15 points into unknown readable memory: 55 48 89
stack at sp + 4 slots: 0x000000011135db23 points into unknown readable memory: 55 48 89 e5 48
stack at sp + 5 slots: 0x0 is null
stack at sp + 6 slots: 0x00006000022273c0 points into unknown readable memory: 0x0000bf6faa6d73c0 | c0 73 6d aa 6f bf 00 00
stack at sp + 7 slots: 0x000000010d42b000 points into unknown readable memory: 0x0000000000000000 | 00 00 00 00 00 00 00 00


---------------  P R O C E S S  ---------------

Threads class SMR info:
_java_thread_list=0x0000600002cd7d60, length=16, elements={
0x00007fd070008200, 0x00007fd070834000, 0x00007fd070062600, 0x00007fd070835200,
0x00007fd070062e00, 0x00007fd070833200, 0x00007fd070063600, 0x00007fd070837c00,
0x00007fd070838a00, 0x00007fd070839200, 0x00007fd070837400, 0x00007fd06e8e3c00,
0x00007fd06e917a00, 0x00007fd070126600, 0x00007fd06f0eaa00, 0x00007fd06f081200
}

Java Threads: ( => current thread )
  0x00007fd070008200 JavaThread "main"                              [_thread_in_vm, id=10243, stack(0x0000700006c62000,0x0000700006d62000) (1024K)]
  0x00007fd070834000 JavaThread "Reference Handler"          daemon [_thread_blocked, id=43011, stack(0x0000700007580000,0x0000700007680000) (1024K)]
  0x00007fd070062600 JavaThread "Finalizer"                  daemon [_thread_blocked, id=42499, stack(0x0000700007683000,0x0000700007783000) (1024K)]
  0x00007fd070835200 JavaThread "Signal Dispatcher"          daemon [_thread_blocked, id=42243, stack(0x0000700007786000,0x0000700007886000) (1024K)]
  0x00007fd070062e00 JavaThread "Service Thread"             daemon [_thread_blocked, id=41987, stack(0x0000700007889000,0x0000700007989000) (1024K)]
  0x00007fd070833200 JavaThread "Monitor Deflation Thread"   daemon [_thread_blocked, id=41475, stack(0x000070000798c000,0x0000700007a8c000) (1024K)]
  0x00007fd070063600 JavaThread "C2 CompilerThread0"         daemon [_thread_in_native, id=40963, stack(0x0000700007a8f000,0x0000700007b8f000) (1024K)]
  0x00007fd070837c00 JavaThread "C1 CompilerThread0"         daemon [_thread_in_native, id=40707, stack(0x0000700007b92000,0x0000700007c92000) (1024K)]
  0x00007fd070838a00 JavaThread "Common-Cleaner"             daemon [_thread_blocked, id=23555, stack(0x0000700007c95000,0x0000700007d95000) (1024K)]
  0x00007fd070839200 JavaThread "Notification Thread"        daemon [_thread_blocked, id=24067, stack(0x0000700007d98000,0x0000700007e98000) (1024K)]
=>0x00007fd070837400 JavaThread "AppKit Thread"              daemon [_thread_in_native, id=259, stack(0x00007ff7b2416000,0x00007ff7b2c16000) (8192K)]
  0x00007fd06e8e3c00 JavaThread "AWT-Shutdown"                      [_thread_blocked, id=34563, stack(0x0000700007e9b000,0x0000700007f9b000) (1024K)]
  0x00007fd06e917a00 JavaThread "Java2D Queue Flusher"       daemon [_thread_blocked, id=78343, stack(0x000070000822d000,0x000070000832d000) (1024K)]
  0x00007fd070126600 JavaThread "Java2D Disposer"            daemon [_thread_blocked, id=76035, stack(0x0000700008330000,0x0000700008430000) (1024K)]
  0x00007fd06f0eaa00 JavaThread "mysql-cj-abandoned-connection-cleanup" daemon [_thread_blocked, id=56847, stack(0x0000700008433000,0x0000700008533000) (1024K)]
  0x00007fd06f081200 JavaThread "AWT-EventQueue-0"                  [_thread_blocked, id=57911, stack(0x000070000883f000,0x000070000893f000) (1024K)]
Total: 16

Other Threads:
  0x00007fd06f806d20 VMThread "VM Thread"                           [id=17155, stack(0x0000700007377000,0x0000700007477000) (1024K)]
  0x00007fd06fa05dd0 WatcherThread "VM Periodic Task Thread"        [id=18179, stack(0x0000700007274000,0x0000700007374000) (1024K)]
  0x00007fd06fa05610 WorkerThread "GC Thread#0"                     [id=19715, stack(0x0000700006d65000,0x0000700006e65000) (1024K)]
  0x00007fd06f83d840 WorkerThread "GC Thread#1"                     [id=72055, stack(0x0000700008536000,0x0000700008636000) (1024K)]
  0x00007fd06f83ddb0 WorkerThread "GC Thread#2"                     [id=57095, stack(0x0000700008639000,0x0000700008739000) (1024K)]
  0x00007fd06fa328d0 WorkerThread "GC Thread#3"                     [id=57603, stack(0x000070000873c000,0x000070000883c000) (1024K)]
  0x00007fd06f804650 ConcurrentGCThread "G1 Main Marker"            [id=19203, stack(0x0000700006e68000,0x0000700006f68000) (1024K)]
  0x00007fd06f804fc0 WorkerThread "G1 Conc#0"                       [id=12547, stack(0x0000700006f6b000,0x000070000706b000) (1024K)]
  0x00007fd07005b600 ConcurrentGCThread "G1 Refine#0"               [id=12803, stack(0x000070000706e000,0x000070000716e000) (1024K)]
  0x00007fd06e7059b0 ConcurrentGCThread "G1 Service"                [id=13315, stack(0x0000700007171000,0x0000700007271000) (1024K)]
Total: 10

Threads with active compile tasks:
C2 CompilerThread0     3691 1210       4       sun.security.ec.ECOperations::setDouble (463 bytes)
Total: 1

VM state: not at safepoint (normal execution)

VM Mutex/Monitor currently owned by a thread: None

Heap address: 0x0000000780000000, size: 2048 MB, Compressed Oops mode: Zero based, Oop shift amount: 3

CDS archive(s) mapped at: [0x000000012d000000-0x000000012dca4000-0x000000012dca4000), size 13254656, SharedBaseAddress: 0x000000012d000000, ArchiveRelocationMode: 1.
Compressed class space mapped at: 0x000000012e000000-0x000000016e000000, reserved size: 1073741824
Narrow klass base: 0x000000012d000000, Narrow klass shift: 0, Narrow klass range: 0x100000000

GC Precious Log:
 CardTable entry size: 512
 Card Set container configuration: InlinePtr #cards 5 size 8 Array Of Cards #cards 12 size 40 Howl #buckets 4 coarsen threshold 1843 Howl Bitmap #cards 512 size 80 coarsen threshold 460 Card regions per heap region 1 cards per card region 2048
 CPUs: 4 total, 4 available
 Memory: 8192M
 Large Page Support: Disabled
 NUMA Support: Disabled
 Compressed Oops: Enabled (Zero based)
 Heap Region Size: 1M
 Heap Min Capacity: 8M
 Heap Initial Capacity: 128M
 Heap Max Capacity: 2G
 Pre-touch: Disabled
 Parallel Workers: 4
 Concurrent Workers: 1
 Concurrent Refinement Workers: 4
 Periodic GC: Disabled

Heap:
 garbage-first heap   total 133120K, used 10479K [0x0000000780000000, 0x0000000800000000)
  region size 1024K, 9 young (9216K), 2 survivors (2048K)
 Metaspace       used 17342K, committed 17600K, reserved 1114112K
  class space    used 2001K, committed 2112K, reserved 1048576K

Heap Regions: E=young(eden), S=young(survivor), O=old, HS=humongous(starts), HC=humongous(continues), CS=collection set, F=free, TAMS=top-at-mark-start, PB=parsable bottom
|   0|0x0000000780000000, 0x0000000780100000, 0x0000000780100000|100%| O|  |TAMS 0x0000000780000000| PB 0x0000000780000000| Untracked 
|   1|0x0000000780100000, 0x0000000780138a20, 0x0000000780200000| 22%| O|  |TAMS 0x0000000780100000| PB 0x0000000780100000| Untracked 
|   2|0x0000000780200000, 0x0000000780200000, 0x0000000780300000|  0%| F|  |TAMS 0x0000000780200000| PB 0x0000000780200000| Untracked 
|   3|0x0000000780300000, 0x0000000780300000, 0x0000000780400000|  0%| F|  |TAMS 0x0000000780300000| PB 0x0000000780300000| Untracked 
|   4|0x0000000780400000, 0x0000000780400000, 0x0000000780500000|  0%| F|  |TAMS 0x0000000780400000| PB 0x0000000780400000| Untracked 
|   5|0x0000000780500000, 0x0000000780500000, 0x0000000780600000|  0%| F|  |TAMS 0x0000000780500000| PB 0x0000000780500000| Untracked 
|   6|0x0000000780600000, 0x0000000780600000, 0x0000000780700000|  0%| F|  |TAMS 0x0000000780600000| PB 0x0000000780600000| Untracked 
|   7|0x0000000780700000, 0x0000000780700000, 0x0000000780800000|  0%| F|  |TAMS 0x0000000780700000| PB 0x0000000780700000| Untracked 
|   8|0x0000000780800000, 0x0000000780800000, 0x0000000780900000|  0%| F|  |TAMS 0x0000000780800000| PB 0x0000000780800000| Untracked 
|   9|0x0000000780900000, 0x0000000780900000, 0x0000000780a00000|  0%| F|  |TAMS 0x0000000780900000| PB 0x0000000780900000| Untracked 
|  10|0x0000000780a00000, 0x0000000780a00000, 0x0000000780b00000|  0%| F|  |TAMS 0x0000000780a00000| PB 0x0000000780a00000| Untracked 
|  11|0x0000000780b00000, 0x0000000780b00000, 0x0000000780c00000|  0%| F|  |TAMS 0x0000000780b00000| PB 0x0000000780b00000| Untracked 
|  12|0x0000000780c00000, 0x0000000780c00000, 0x0000000780d00000|  0%| F|  |TAMS 0x0000000780c00000| PB 0x0000000780c00000| Untracked 
|  13|0x0000000780d00000, 0x0000000780d00000, 0x0000000780e00000|  0%| F|  |TAMS 0x0000000780d00000| PB 0x0000000780d00000| Untracked 
|  14|0x0000000780e00000, 0x0000000780e00000, 0x0000000780f00000|  0%| F|  |TAMS 0x0000000780e00000| PB 0x0000000780e00000| Untracked 
|  15|0x0000000780f00000, 0x0000000780f00000, 0x0000000781000000|  0%| F|  |TAMS 0x0000000780f00000| PB 0x0000000780f00000| Untracked 
|  16|0x0000000781000000, 0x0000000781000000, 0x0000000781100000|  0%| F|  |TAMS 0x0000000781000000| PB 0x0000000781000000| Untracked 
|  17|0x0000000781100000, 0x0000000781100000, 0x0000000781200000|  0%| F|  |TAMS 0x0000000781100000| PB 0x0000000781100000| Untracked 
|  18|0x0000000781200000, 0x0000000781200000, 0x0000000781300000|  0%| F|  |TAMS 0x0000000781200000| PB 0x0000000781200000| Untracked 
|  19|0x0000000781300000, 0x0000000781300000, 0x0000000781400000|  0%| F|  |TAMS 0x0000000781300000| PB 0x0000000781300000| Untracked 
|  20|0x0000000781400000, 0x0000000781400000, 0x0000000781500000|  0%| F|  |TAMS 0x0000000781400000| PB 0x0000000781400000| Untracked 
|  21|0x0000000781500000, 0x0000000781500000, 0x0000000781600000|  0%| F|  |TAMS 0x0000000781500000| PB 0x0000000781500000| Untracked 
|  22|0x0000000781600000, 0x0000000781600000, 0x0000000781700000|  0%| F|  |TAMS 0x0000000781600000| PB 0x0000000781600000| Untracked 
|  23|0x0000000781700000, 0x0000000781700000, 0x0000000781800000|  0%| F|  |TAMS 0x0000000781700000| PB 0x0000000781700000| Untracked 
|  24|0x0000000781800000, 0x0000000781800000, 0x0000000781900000|  0%| F|  |TAMS 0x0000000781800000| PB 0x0000000781800000| Untracked 
|  25|0x0000000781900000, 0x0000000781900000, 0x0000000781a00000|  0%| F|  |TAMS 0x0000000781900000| PB 0x0000000781900000| Untracked 
|  26|0x0000000781a00000, 0x0000000781a00000, 0x0000000781b00000|  0%| F|  |TAMS 0x0000000781a00000| PB 0x0000000781a00000| Untracked 
|  27|0x0000000781b00000, 0x0000000781b00000, 0x0000000781c00000|  0%| F|  |TAMS 0x0000000781b00000| PB 0x0000000781b00000| Untracked 
|  28|0x0000000781c00000, 0x0000000781c00000, 0x0000000781d00000|  0%| F|  |TAMS 0x0000000781c00000| PB 0x0000000781c00000| Untracked 
|  29|0x0000000781d00000, 0x0000000781d00000, 0x0000000781e00000|  0%| F|  |TAMS 0x0000000781d00000| PB 0x0000000781d00000| Untracked 
|  30|0x0000000781e00000, 0x0000000781e00000, 0x0000000781f00000|  0%| F|  |TAMS 0x0000000781e00000| PB 0x0000000781e00000| Untracked 
|  31|0x0000000781f00000, 0x0000000781f00000, 0x0000000782000000|  0%| F|  |TAMS 0x0000000781f00000| PB 0x0000000781f00000| Untracked 
|  32|0x0000000782000000, 0x0000000782000000, 0x0000000782100000|  0%| F|  |TAMS 0x0000000782000000| PB 0x0000000782000000| Untracked 
|  33|0x0000000782100000, 0x0000000782100000, 0x0000000782200000|  0%| F|  |TAMS 0x0000000782100000| PB 0x0000000782100000| Untracked 
|  34|0x0000000782200000, 0x0000000782200000, 0x0000000782300000|  0%| F|  |TAMS 0x0000000782200000| PB 0x0000000782200000| Untracked 
|  35|0x0000000782300000, 0x0000000782300000, 0x0000000782400000|  0%| F|  |TAMS 0x0000000782300000| PB 0x0000000782300000| Untracked 
|  36|0x0000000782400000, 0x0000000782400000, 0x0000000782500000|  0%| F|  |TAMS 0x0000000782400000| PB 0x0000000782400000| Untracked 
|  37|0x0000000782500000, 0x0000000782500000, 0x0000000782600000|  0%| F|  |TAMS 0x0000000782500000| PB 0x0000000782500000| Untracked 
|  38|0x0000000782600000, 0x0000000782600000, 0x0000000782700000|  0%| F|  |TAMS 0x0000000782600000| PB 0x0000000782600000| Untracked 
|  39|0x0000000782700000, 0x0000000782700000, 0x0000000782800000|  0%| F|  |TAMS 0x0000000782700000| PB 0x0000000782700000| Untracked 
|  40|0x0000000782800000, 0x0000000782800000, 0x0000000782900000|  0%| F|  |TAMS 0x0000000782800000| PB 0x0000000782800000| Untracked 
|  41|0x0000000782900000, 0x0000000782900000, 0x0000000782a00000|  0%| F|  |TAMS 0x0000000782900000| PB 0x0000000782900000| Untracked 
|  42|0x0000000782a00000, 0x0000000782a00000, 0x0000000782b00000|  0%| F|  |TAMS 0x0000000782a00000| PB 0x0000000782a00000| Untracked 
|  43|0x0000000782b00000, 0x0000000782b00000, 0x0000000782c00000|  0%| F|  |TAMS 0x0000000782b00000| PB 0x0000000782b00000| Untracked 
|  44|0x0000000782c00000, 0x0000000782c00000, 0x0000000782d00000|  0%| F|  |TAMS 0x0000000782c00000| PB 0x0000000782c00000| Untracked 
|  45|0x0000000782d00000, 0x0000000782d00000, 0x0000000782e00000|  0%| F|  |TAMS 0x0000000782d00000| PB 0x0000000782d00000| Untracked 
|  46|0x0000000782e00000, 0x0000000782e00000, 0x0000000782f00000|  0%| F|  |TAMS 0x0000000782e00000| PB 0x0000000782e00000| Untracked 
|  47|0x0000000782f00000, 0x0000000782f00000, 0x0000000783000000|  0%| F|  |TAMS 0x0000000782f00000| PB 0x0000000782f00000| Untracked 
|  48|0x0000000783000000, 0x0000000783000000, 0x0000000783100000|  0%| F|  |TAMS 0x0000000783000000| PB 0x0000000783000000| Untracked 
|  49|0x0000000783100000, 0x0000000783100000, 0x0000000783200000|  0%| F|  |TAMS 0x0000000783100000| PB 0x0000000783100000| Untracked 
|  50|0x0000000783200000, 0x0000000783200000, 0x0000000783300000|  0%| F|  |TAMS 0x0000000783200000| PB 0x0000000783200000| Untracked 
|  51|0x0000000783300000, 0x0000000783300000, 0x0000000783400000|  0%| F|  |TAMS 0x0000000783300000| PB 0x0000000783300000| Untracked 
|  52|0x0000000783400000, 0x0000000783400000, 0x0000000783500000|  0%| F|  |TAMS 0x0000000783400000| PB 0x0000000783400000| Untracked 
|  53|0x0000000783500000, 0x0000000783500000, 0x0000000783600000|  0%| F|  |TAMS 0x0000000783500000| PB 0x0000000783500000| Untracked 
|  54|0x0000000783600000, 0x0000000783600000, 0x0000000783700000|  0%| F|  |TAMS 0x0000000783600000| PB 0x0000000783600000| Untracked 
|  55|0x0000000783700000, 0x0000000783700000, 0x0000000783800000|  0%| F|  |TAMS 0x0000000783700000| PB 0x0000000783700000| Untracked 
|  56|0x0000000783800000, 0x0000000783800000, 0x0000000783900000|  0%| F|  |TAMS 0x0000000783800000| PB 0x0000000783800000| Untracked 
|  57|0x0000000783900000, 0x0000000783900000, 0x0000000783a00000|  0%| F|  |TAMS 0x0000000783900000| PB 0x0000000783900000| Untracked 
|  58|0x0000000783a00000, 0x0000000783a00000, 0x0000000783b00000|  0%| F|  |TAMS 0x0000000783a00000| PB 0x0000000783a00000| Untracked 
|  59|0x0000000783b00000, 0x0000000783b00000, 0x0000000783c00000|  0%| F|  |TAMS 0x0000000783b00000| PB 0x0000000783b00000| Untracked 
|  60|0x0000000783c00000, 0x0000000783c00000, 0x0000000783d00000|  0%| F|  |TAMS 0x0000000783c00000| PB 0x0000000783c00000| Untracked 
|  61|0x0000000783d00000, 0x0000000783d00000, 0x0000000783e00000|  0%| F|  |TAMS 0x0000000783d00000| PB 0x0000000783d00000| Untracked 
|  62|0x0000000783e00000, 0x0000000783e00000, 0x0000000783f00000|  0%| F|  |TAMS 0x0000000783e00000| PB 0x0000000783e00000| Untracked 
|  63|0x0000000783f00000, 0x0000000783f00000, 0x0000000784000000|  0%| F|  |TAMS 0x0000000783f00000| PB 0x0000000783f00000| Untracked 
|  64|0x0000000784000000, 0x0000000784000000, 0x0000000784100000|  0%| F|  |TAMS 0x0000000784000000| PB 0x0000000784000000| Untracked 
|  65|0x0000000784100000, 0x0000000784100000, 0x0000000784200000|  0%| F|  |TAMS 0x0000000784100000| PB 0x0000000784100000| Untracked 
|  66|0x0000000784200000, 0x0000000784200000, 0x0000000784300000|  0%| F|  |TAMS 0x0000000784200000| PB 0x0000000784200000| Untracked 
|  67|0x0000000784300000, 0x0000000784300000, 0x0000000784400000|  0%| F|  |TAMS 0x0000000784300000| PB 0x0000000784300000| Untracked 
|  68|0x0000000784400000, 0x0000000784400000, 0x0000000784500000|  0%| F|  |TAMS 0x0000000784400000| PB 0x0000000784400000| Untracked 
|  69|0x0000000784500000, 0x0000000784500000, 0x0000000784600000|  0%| F|  |TAMS 0x0000000784500000| PB 0x0000000784500000| Untracked 
|  70|0x0000000784600000, 0x0000000784600000, 0x0000000784700000|  0%| F|  |TAMS 0x0000000784600000| PB 0x0000000784600000| Untracked 
|  71|0x0000000784700000, 0x0000000784700000, 0x0000000784800000|  0%| F|  |TAMS 0x0000000784700000| PB 0x0000000784700000| Untracked 
|  72|0x0000000784800000, 0x0000000784800000, 0x0000000784900000|  0%| F|  |TAMS 0x0000000784800000| PB 0x0000000784800000| Untracked 
|  73|0x0000000784900000, 0x0000000784900000, 0x0000000784a00000|  0%| F|  |TAMS 0x0000000784900000| PB 0x0000000784900000| Untracked 
|  74|0x0000000784a00000, 0x0000000784a00000, 0x0000000784b00000|  0%| F|  |TAMS 0x0000000784a00000| PB 0x0000000784a00000| Untracked 
|  75|0x0000000784b00000, 0x0000000784b00000, 0x0000000784c00000|  0%| F|  |TAMS 0x0000000784b00000| PB 0x0000000784b00000| Untracked 
|  76|0x0000000784c00000, 0x0000000784c00000, 0x0000000784d00000|  0%| F|  |TAMS 0x0000000784c00000| PB 0x0000000784c00000| Untracked 
|  77|0x0000000784d00000, 0x0000000784d00000, 0x0000000784e00000|  0%| F|  |TAMS 0x0000000784d00000| PB 0x0000000784d00000| Untracked 
|  78|0x0000000784e00000, 0x0000000784e00000, 0x0000000784f00000|  0%| F|  |TAMS 0x0000000784e00000| PB 0x0000000784e00000| Untracked 
|  79|0x0000000784f00000, 0x0000000784f00000, 0x0000000785000000|  0%| F|  |TAMS 0x0000000784f00000| PB 0x0000000784f00000| Untracked 
|  80|0x0000000785000000, 0x0000000785000000, 0x0000000785100000|  0%| F|  |TAMS 0x0000000785000000| PB 0x0000000785000000| Untracked 
|  81|0x0000000785100000, 0x0000000785100000, 0x0000000785200000|  0%| F|  |TAMS 0x0000000785100000| PB 0x0000000785100000| Untracked 
|  82|0x0000000785200000, 0x0000000785200000, 0x0000000785300000|  0%| F|  |TAMS 0x0000000785200000| PB 0x0000000785200000| Untracked 
|  83|0x0000000785300000, 0x0000000785300000, 0x0000000785400000|  0%| F|  |TAMS 0x0000000785300000| PB 0x0000000785300000| Untracked 
|  84|0x0000000785400000, 0x0000000785400000, 0x0000000785500000|  0%| F|  |TAMS 0x0000000785400000| PB 0x0000000785400000| Untracked 
|  85|0x0000000785500000, 0x0000000785500000, 0x0000000785600000|  0%| F|  |TAMS 0x0000000785500000| PB 0x0000000785500000| Untracked 
|  86|0x0000000785600000, 0x0000000785600000, 0x0000000785700000|  0%| F|  |TAMS 0x0000000785600000| PB 0x0000000785600000| Untracked 
|  87|0x0000000785700000, 0x0000000785700000, 0x0000000785800000|  0%| F|  |TAMS 0x0000000785700000| PB 0x0000000785700000| Untracked 
|  88|0x0000000785800000, 0x0000000785800000, 0x0000000785900000|  0%| F|  |TAMS 0x0000000785800000| PB 0x0000000785800000| Untracked 
|  89|0x0000000785900000, 0x0000000785900000, 0x0000000785a00000|  0%| F|  |TAMS 0x0000000785900000| PB 0x0000000785900000| Untracked 
|  90|0x0000000785a00000, 0x0000000785a00000, 0x0000000785b00000|  0%| F|  |TAMS 0x0000000785a00000| PB 0x0000000785a00000| Untracked 
|  91|0x0000000785b00000, 0x0000000785b00000, 0x0000000785c00000|  0%| F|  |TAMS 0x0000000785b00000| PB 0x0000000785b00000| Untracked 
|  92|0x0000000785c00000, 0x0000000785c00000, 0x0000000785d00000|  0%| F|  |TAMS 0x0000000785c00000| PB 0x0000000785c00000| Untracked 
|  93|0x0000000785d00000, 0x0000000785d00000, 0x0000000785e00000|  0%| F|  |TAMS 0x0000000785d00000| PB 0x0000000785d00000| Untracked 
|  94|0x0000000785e00000, 0x0000000785e00000, 0x0000000785f00000|  0%| F|  |TAMS 0x0000000785e00000| PB 0x0000000785e00000| Untracked 
|  95|0x0000000785f00000, 0x0000000785f00000, 0x0000000786000000|  0%| F|  |TAMS 0x0000000785f00000| PB 0x0000000785f00000| Untracked 
|  96|0x0000000786000000, 0x0000000786000000, 0x0000000786100000|  0%| F|  |TAMS 0x0000000786000000| PB 0x0000000786000000| Untracked 
|  97|0x0000000786100000, 0x0000000786100000, 0x0000000786200000|  0%| F|  |TAMS 0x0000000786100000| PB 0x0000000786100000| Untracked 
|  98|0x0000000786200000, 0x0000000786200000, 0x0000000786300000|  0%| F|  |TAMS 0x0000000786200000| PB 0x0000000786200000| Untracked 
|  99|0x0000000786300000, 0x0000000786300000, 0x0000000786400000|  0%| F|  |TAMS 0x0000000786300000| PB 0x0000000786300000| Untracked 
| 100|0x0000000786400000, 0x0000000786400000, 0x0000000786500000|  0%| F|  |TAMS 0x0000000786400000| PB 0x0000000786400000| Untracked 
| 101|0x0000000786500000, 0x0000000786500000, 0x0000000786600000|  0%| F|  |TAMS 0x0000000786500000| PB 0x0000000786500000| Untracked 
| 102|0x0000000786600000, 0x0000000786600000, 0x0000000786700000|  0%| F|  |TAMS 0x0000000786600000| PB 0x0000000786600000| Untracked 
| 103|0x0000000786700000, 0x0000000786700000, 0x0000000786800000|  0%| F|  |TAMS 0x0000000786700000| PB 0x0000000786700000| Untracked 
| 104|0x0000000786800000, 0x0000000786800000, 0x0000000786900000|  0%| F|  |TAMS 0x0000000786800000| PB 0x0000000786800000| Untracked 
| 105|0x0000000786900000, 0x0000000786900000, 0x0000000786a00000|  0%| F|  |TAMS 0x0000000786900000| PB 0x0000000786900000| Untracked 
| 106|0x0000000786a00000, 0x0000000786a00000, 0x0000000786b00000|  0%| F|  |TAMS 0x0000000786a00000| PB 0x0000000786a00000| Untracked 
| 107|0x0000000786b00000, 0x0000000786b00000, 0x0000000786c00000|  0%| F|  |TAMS 0x0000000786b00000| PB 0x0000000786b00000| Untracked 
| 108|0x0000000786c00000, 0x0000000786c00000, 0x0000000786d00000|  0%| F|  |TAMS 0x0000000786c00000| PB 0x0000000786c00000| Untracked 
| 109|0x0000000786d00000, 0x0000000786d00000, 0x0000000786e00000|  0%| F|  |TAMS 0x0000000786d00000| PB 0x0000000786d00000| Untracked 
| 110|0x0000000786e00000, 0x0000000786e00000, 0x0000000786f00000|  0%| F|  |TAMS 0x0000000786e00000| PB 0x0000000786e00000| Untracked 
| 111|0x0000000786f00000, 0x0000000786f00000, 0x0000000787000000|  0%| F|  |TAMS 0x0000000786f00000| PB 0x0000000786f00000| Untracked 
| 112|0x0000000787000000, 0x0000000787000000, 0x0000000787100000|  0%| F|  |TAMS 0x0000000787000000| PB 0x0000000787000000| Untracked 
| 113|0x0000000787100000, 0x0000000787200000, 0x0000000787200000|100%| S|CS|TAMS 0x0000000787100000| PB 0x0000000787100000| Complete 
| 114|0x0000000787200000, 0x0000000787300000, 0x0000000787300000|100%| S|CS|TAMS 0x0000000787200000| PB 0x0000000787200000| Complete 
| 115|0x0000000787300000, 0x0000000787300000, 0x0000000787400000|  0%| F|  |TAMS 0x0000000787300000| PB 0x0000000787300000| Untracked 
| 116|0x0000000787400000, 0x0000000787400000, 0x0000000787500000|  0%| F|  |TAMS 0x0000000787400000| PB 0x0000000787400000| Untracked 
| 117|0x0000000787500000, 0x0000000787500000, 0x0000000787600000|  0%| F|  |TAMS 0x0000000787500000| PB 0x0000000787500000| Untracked 
| 118|0x0000000787600000, 0x0000000787600000, 0x0000000787700000|  0%| F|  |TAMS 0x0000000787600000| PB 0x0000000787600000| Untracked 
| 119|0x0000000787700000, 0x0000000787700000, 0x0000000787800000|  0%| F|  |TAMS 0x0000000787700000| PB 0x0000000787700000| Untracked 
| 120|0x0000000787800000, 0x0000000787800000, 0x0000000787900000|  0%| F|  |TAMS 0x0000000787800000| PB 0x0000000787800000| Untracked 
| 121|0x0000000787900000, 0x0000000787951ed8, 0x0000000787a00000| 32%| E|  |TAMS 0x0000000787900000| PB 0x0000000787900000| Complete 
| 122|0x0000000787a00000, 0x0000000787b00000, 0x0000000787b00000|100%| E|CS|TAMS 0x0000000787a00000| PB 0x0000000787a00000| Complete 
| 123|0x0000000787b00000, 0x0000000787c00000, 0x0000000787c00000|100%| E|CS|TAMS 0x0000000787b00000| PB 0x0000000787b00000| Complete 
| 124|0x0000000787c00000, 0x0000000787d00000, 0x0000000787d00000|100%| E|CS|TAMS 0x0000000787c00000| PB 0x0000000787c00000| Complete 
| 125|0x0000000787d00000, 0x0000000787e00000, 0x0000000787e00000|100%| E|CS|TAMS 0x0000000787d00000| PB 0x0000000787d00000| Complete 
| 126|0x0000000787e00000, 0x0000000787f00000, 0x0000000787f00000|100%| E|CS|TAMS 0x0000000787e00000| PB 0x0000000787e00000| Complete 
| 127|0x0000000787f00000, 0x0000000788000000, 0x0000000788000000|100%| E|CS|TAMS 0x0000000787f00000| PB 0x0000000787f00000| Complete 
|2046|0x00000007ffe00000, 0x00000007fff00000, 0x00000007fff00000|100%| O|  |TAMS 0x00000007ffe00000| PB 0x00000007ffe00000| Untracked 
|2047|0x00000007fff00000, 0x00000007fff03548, 0x0000000800000000|  1%| O|  |TAMS 0x00000007fff00000| PB 0x00000007fff00000| Untracked 

Card table byte_map: [0x000000010dabe000,0x000000010debe000] _byte_map_base: 0x0000000109ebe000

Marking Bits: (CMBitMap*) 0x00007fd070823610
 Bits: [0x000000012871e000, 0x000000012a71e000)

Polling page: 0x000000010d411000

Metaspace:

Usage:
  Non-class:     15.26 MB used.
      Class:      2.00 MB used.
       Both:     17.26 MB used.

Virtual space:
  Non-class space:       64.00 MB reserved,      15.38 MB ( 24%) committed,  1 nodes.
      Class space:        1.00 GB reserved,       2.12 MB ( <1%) committed,  1 nodes.
             Both:        1.06 GB reserved,      17.50 MB (  2%) committed. 

Chunk freelists:
   Non-Class:  0 bytes
       Class:  13.75 MB
        Both:  13.75 MB

MaxMetaspaceSize: unlimited
CompressedClassSpaceSize: 1.00 GB
Initial GC threshold: 21.00 MB
Current GC threshold: 21.00 MB
CDS: on
 - commit_granule_bytes: 65536.
 - commit_granule_words: 8192.
 - virtual_space_node_default_size: 8388608.
 - enlarge_chunks_in_place: 1.
 - use_allocation_guard: 0.


Internal statistics:

num_allocs_failed_limit: 0.
num_arena_births: 192.
num_arena_deaths: 0.
num_vsnodes_births: 2.
num_vsnodes_deaths: 0.
num_space_committed: 280.
num_space_uncommitted: 0.
num_chunks_returned_to_freelist: 0.
num_chunks_taken_from_freelist: 393.
num_chunk_merges: 0.
num_chunk_splits: 243.
num_chunks_enlarged: 154.
num_inconsistent_stats: 0.

CodeHeap 'non-profiled nmethods': size=120032Kb used=479Kb max_used=479Kb free=119553Kb
 bounds [0x00000001211e6000, 0x0000000121456000, 0x000000012871e000]
CodeHeap 'profiled nmethods': size=120028Kb used=2750Kb max_used=2750Kb free=117277Kb
 bounds [0x000000011971e000, 0x00000001199ce000, 0x0000000120c55000]
CodeHeap 'non-nmethods': size=5700Kb used=1645Kb max_used=1645Kb free=4054Kb
 bounds [0x0000000120c55000, 0x0000000120ec5000, 0x00000001211e6000]
 total_blobs=2229 nmethods=1518 adapters=617
 compilation: enabled
              stopped_count=0, restarted_count=0
 full_count=0

Compilation events (20 events):
Event: 3.561 Thread 0x00007fd070837c00 nmethod 1487 0x00000001199b7390 code [0x00000001199b7520, 0x00000001199b7670]
Event: 3.562 Thread 0x00007fd070837c00 1488       3       java.lang.invoke.Invokers$Holder::invokeExact_MT (32 bytes)
Event: 3.566 Thread 0x00007fd070837c00 nmethod 1488 0x00000001199b7710 code [0x00000001199b7920, 0x00000001199b8218]
Event: 3.577 Thread 0x00007fd070837c00 1492       1       sun.java2d.loops.SurfaceType::getUniqueID (5 bytes)
Event: 3.577 Thread 0x00007fd070837c00 nmethod 1492 0x000000012125b410 code [0x000000012125b5a0, 0x000000012125b660]
Event: 3.577 Thread 0x00007fd070837c00 1494  s    3       sun.java2d.loops.GraphicsPrimitive::makeUniqueID (26 bytes)
Event: 3.577 Thread 0x00007fd070837c00 nmethod 1494 0x00000001199b8490 code [0x00000001199b8640, 0x00000001199b8868]
Event: 3.577 Thread 0x00007fd070837c00 1495       3       sun.java2d.loops.GraphicsPrimitive::<init> (75 bytes)
Event: 3.579 Thread 0x00007fd070837c00 nmethod 1495 0x00000001199b8990 code [0x00000001199b8b60, 0x00000001199b9130]
Event: 3.579 Thread 0x00007fd070837c00 1493       1       sun.java2d.loops.CompositeType::getUniqueID (5 bytes)
Event: 3.580 Thread 0x00007fd070837c00 nmethod 1493 0x000000012125b710 code [0x000000012125b8a0, 0x000000012125b960]
Event: 3.592 Thread 0x00007fd070837c00 1496       3       sun.awt.AWTAutoShutdown::getInstance (4 bytes)
Event: 3.594 Thread 0x00007fd070837c00 nmethod 1496 0x00000001199b9390 code [0x00000001199b9520, 0x00000001199b9610]
Event: 3.618 Thread 0x00007fd070837c00 1498       3       jdk.internal.org.objectweb.asm.SymbolTable::addConstantFieldref (10 bytes)
Event: 3.618 Thread 0x00007fd070837c00 nmethod 1498 0x00000001199b9690 code [0x00000001199b9840, 0x00000001199b9990]
Event: 3.619 Thread 0x00007fd070837c00 1499       3       java.lang.invoke.MethodHandles$Lookup::getDirectConstructorCommon (69 bytes)
Event: 3.620 Thread 0x00007fd070837c00 nmethod 1499 0x00000001199b9a90 code [0x00000001199b9ce0, 0x00000001199ba6a0]
Event: 3.630 Thread 0x00007fd070837c00 1500       3       javax.swing.MultiUIDefaults::get (67 bytes)
Event: 3.632 Thread 0x00007fd070837c00 nmethod 1500 0x00000001199ba990 code [0x00000001199bab80, 0x00000001199bb0a8]
Event: 3.633 Thread 0x00007fd070837c00 1501   !   3       java.lang.invoke.MethodHandles$Lookup::canBeCached (150 bytes)

GC Heap History (2 events):
Event: 2.664 GC heap before
{Heap before GC invocations=0 (full 0):
 garbage-first heap   total 133120K, used 14349K [0x0000000780000000, 0x0000000800000000)
  region size 1024K, 13 young (13312K), 0 survivors (0K)
 Metaspace       used 8713K, committed 8896K, reserved 1114112K
  class space    used 939K, committed 1024K, reserved 1048576K
}
Event: 2.672 GC heap after
{Heap after GC invocations=1 (full 0):
 garbage-first heap   total 133120K, used 4335K [0x0000000780000000, 0x0000000800000000)
  region size 1024K, 2 young (2048K), 2 survivors (2048K)
 Metaspace       used 8713K, committed 8896K, reserved 1114112K
  class space    used 939K, committed 1024K, reserved 1048576K
}

Dll operation events (10 events):
Event: 0.022 Loaded shared library /Library/Java/JavaVirtualMachines/jdk-21.jdk/Contents/Home/lib/libjava.dylib
Event: 0.343 Loaded shared library /Library/Java/JavaVirtualMachines/jdk-21.jdk/Contents/Home/lib/libnio.dylib
Event: 0.588 Loaded shared library /Library/Java/JavaVirtualMachines/jdk-21.jdk/Contents/Home/lib/libzip.dylib
Event: 0.633 Loaded shared library /Library/Java/JavaVirtualMachines/jdk-21.jdk/Contents/Home/lib/libjimage.dylib
Event: 0.710 Loaded shared library /Library/Java/JavaVirtualMachines/jdk-21.jdk/Contents/Home/lib/libawt.dylib
Event: 0.843 Loaded shared library /Library/Java/JavaVirtualMachines/jdk-21.jdk/Contents/Home/lib/libawt_lwawt.dylib
Event: 1.031 Loaded shared library /Library/Java/JavaVirtualMachines/jdk-21.jdk/Contents/Home/lib/libfontmanager.dylib
Event: 1.579 Loaded shared library /Library/Java/JavaVirtualMachines/jdk-21.jdk/Contents/Home/lib/libosxui.dylib
Event: 2.160 Loaded shared library /Library/Java/JavaVirtualMachines/jdk-21.jdk/Contents/Home/lib/libnet.dylib
Event: 2.231 Loaded shared library /Library/Java/JavaVirtualMachines/jdk-21.jdk/Contents/Home/lib/libextnet.dylib

Deoptimization events (20 events):
Event: 3.077 Thread 0x00007fd070008200 Uncommon trap: trap_request=0xffffffbe fr.pc=0x0000000121244404 relative=0x00000000000002c4
Event: 3.077 Thread 0x00007fd070008200 Uncommon trap: reason=profile_predicate action=maybe_recompile pc=0x0000000121244404 method=java.util.regex.Pattern$SliceI.match(Ljava/util/regex/Matcher;ILjava/lang/CharSequence;)Z @ 18 c2
Event: 3.077 Thread 0x00007fd070008200 DEOPT PACKING pc=0x0000000121244404 sp=0x0000700006d600f0
Event: 3.077 Thread 0x00007fd070008200 DEOPT UNPACKING pc=0x0000000120ca8f99 sp=0x0000700006d60088 mode 2
Event: 3.077 Thread 0x00007fd070008200 Uncommon trap: trap_request=0xffffffbe fr.pc=0x0000000121244404 relative=0x00000000000002c4
Event: 3.077 Thread 0x00007fd070008200 Uncommon trap: reason=profile_predicate action=maybe_recompile pc=0x0000000121244404 method=java.util.regex.Pattern$SliceI.match(Ljava/util/regex/Matcher;ILjava/lang/CharSequence;)Z @ 18 c2
Event: 3.077 Thread 0x00007fd070008200 DEOPT PACKING pc=0x0000000121244404 sp=0x0000700006d600f0
Event: 3.077 Thread 0x00007fd070008200 DEOPT UNPACKING pc=0x0000000120ca8f99 sp=0x0000700006d60088 mode 2
Event: 3.077 Thread 0x00007fd070008200 Uncommon trap: trap_request=0xffffffbe fr.pc=0x0000000121244404 relative=0x00000000000002c4
Event: 3.077 Thread 0x00007fd070008200 Uncommon trap: reason=profile_predicate action=maybe_recompile pc=0x0000000121244404 method=java.util.regex.Pattern$SliceI.match(Ljava/util/regex/Matcher;ILjava/lang/CharSequence;)Z @ 18 c2
Event: 3.077 Thread 0x00007fd070008200 DEOPT PACKING pc=0x0000000121244404 sp=0x0000700006d600f0
Event: 3.078 Thread 0x00007fd070008200 DEOPT UNPACKING pc=0x0000000120ca8f99 sp=0x0000700006d60088 mode 2
Event: 3.078 Thread 0x00007fd070008200 Uncommon trap: trap_request=0xffffffbe fr.pc=0x0000000121244404 relative=0x00000000000002c4
Event: 3.078 Thread 0x00007fd070008200 Uncommon trap: reason=profile_predicate action=maybe_recompile pc=0x0000000121244404 method=java.util.regex.Pattern$SliceI.match(Ljava/util/regex/Matcher;ILjava/lang/CharSequence;)Z @ 18 c2
Event: 3.078 Thread 0x00007fd070008200 DEOPT PACKING pc=0x0000000121244404 sp=0x0000700006d600f0
Event: 3.078 Thread 0x00007fd070008200 DEOPT UNPACKING pc=0x0000000120ca8f99 sp=0x0000700006d60088 mode 2
Event: 3.223 Thread 0x00007fd070008200 Uncommon trap: trap_request=0xffffff45 fr.pc=0x0000000121202e6c relative=0x000000000000006c
Event: 3.223 Thread 0x00007fd070008200 Uncommon trap: reason=unstable_if action=reinterpret pc=0x0000000121202e6c method=java.lang.String.isLatin1()Z @ 10 c2
Event: 3.223 Thread 0x00007fd070008200 DEOPT PACKING pc=0x0000000121202e6c sp=0x0000700006d612c0
Event: 3.223 Thread 0x00007fd070008200 DEOPT UNPACKING pc=0x0000000120ca8f99 sp=0x0000700006d61270 mode 2

Classes loaded (20 events):
Event: 3.630 Loading class com/apple/laf/AquaComboBoxUI$8 done
Event: 3.630 Loading class com/apple/laf/AquaComboBoxUI$9
Event: 3.630 Loading class com/apple/laf/AquaComboBoxUI$9 done
Event: 3.630 Loading class com/apple/laf/AquaComboBoxUI$11
Event: 3.630 Loading class com/apple/laf/AquaComboBoxUI$11 done
Event: 3.630 Loading class com/apple/laf/AquaComboBoxUI$12
Event: 3.630 Loading class com/apple/laf/AquaComboBoxUI$12 done
Event: 3.630 Loading class com/apple/laf/AquaComboBoxUI$13
Event: 3.630 Loading class com/apple/laf/AquaComboBoxUI$13 done
Event: 3.630 Loading class com/apple/laf/AquaComboBoxPopup
Event: 3.632 Loading class javax/swing/plaf/basic/BasicComboPopup
Event: 3.633 Loading class javax/swing/plaf/basic/BasicComboPopup done
Event: 3.633 Loading class com/apple/laf/AquaComboBoxPopup done
Event: 3.633 Loading class javax/swing/plaf/basic/BasicComboPopup$EmptyListModelClass
Event: 3.633 Loading class javax/swing/plaf/basic/BasicComboPopup$EmptyListModelClass done
Event: 3.634 Loading class javax/swing/DefaultSingleSelectionModel
Event: 3.634 Loading class javax/swing/SingleSelectionModel
Event: 3.634 Loading class javax/swing/SingleSelectionModel done
Event: 3.634 Loading class javax/swing/DefaultSingleSelectionModel done
Event: 3.634 Loading class com/apple/laf/AquaPopupMenuUI

Classes unloaded (0 events):
No events

Classes redefined (0 events):
No events

Internal exceptions (20 events):
Event: 1.592 Thread 0x00007fd070008200 Exception <a 'java/lang/NoSuchMethodError'{0x0000000787c96a48}: 'void java.lang.invoke.DirectMethodHandle$Holder.invokeStaticInit(java.lang.Object)'> (0x0000000787c96a48) 
thrown [open/src/hotspot/share/interpreter/linkResolver.cpp, line 773]
Event: 1.626 Thread 0x00007fd070008200 Exception <a 'java/lang/NoSuchMethodError'{0x0000000787cb98e8}: 'java.lang.Object java.lang.invoke.DirectMethodHandle$Holder.newInvokeSpecial(java.lang.Object, java.lang.Object, java.lang.Object, java.lang.Object, java.lang.Object)'> (0x0000000787cb98e8) 
thrown [open/src/hotspot/share/interpreter/linkResolver.cpp, line 773]
Event: 1.655 Thread 0x00007fd070008200 Exception <a 'java/lang/NoSuchMethodError'{0x0000000787ce55e8}: 'java.lang.Object java.lang.invoke.DirectMethodHandle$Holder.invokeStatic(java.lang.Object, int, java.lang.Object)'> (0x0000000787ce55e8) 
thrown [open/src/hotspot/share/interpreter/linkResolver.cpp, line 773]
Event: 1.671 Thread 0x00007fd070008200 Exception <a 'java/lang/ClassNotFoundException'{0x0000000787b12450}: com/apple/laf/resources/spi/aquaProvider> (0x0000000787b12450) 
thrown [open/src/hotspot/share/classfile/systemDictionary.cpp, line 312]
Event: 1.741 Thread 0x00007fd070008200 Exception <a 'java/lang/ClassNotFoundException'{0x0000000787b75c48}: com/sun/swing/internal/plaf/basic/resources/spi/basicProvider> (0x0000000787b75c48) 
thrown [open/src/hotspot/share/classfile/systemDictionary.cpp, line 312]
Event: 1.773 Thread 0x00007fd070008200 Exception <a 'java/lang/NoSuchMethodError'{0x0000000787b95be8}: 'int java.lang.invoke.Invokers$Holder.invokeExact_MT(java.lang.Object, java.lang.Object)'> (0x0000000787b95be8) 
thrown [open/src/hotspot/share/interpreter/linkResolver.cpp, line 773]
Event: 1.811 Thread 0x00007fd070008200 Exception <a 'java/lang/NoSuchMethodError'{0x0000000787bbd050}: 'void java.lang.invoke.DirectMethodHandle$Holder.invokeStatic(java.lang.Object, java.lang.Object)'> (0x0000000787bbd050) 
thrown [open/src/hotspot/share/interpreter/linkResolver.cpp, line 773]
Event: 1.913 Thread 0x00007fd070008200 Exception <a 'java/lang/NoSuchMethodError'{0x0000000787aade00}: 'java.lang.Object java.lang.invoke.DirectMethodHandle$Holder.invokeInterface(java.lang.Object, java.lang.Object)'> (0x0000000787aade00) 
thrown [open/src/hotspot/share/interpreter/linkResolver.cpp, line 773]
Event: 1.976 Thread 0x00007fd070008200 Exception <a 'java/lang/NoSuchMethodError'{0x0000000787924870}: 'void java.lang.invoke.DirectMethodHandle$Holder.invokeStatic(java.lang.Object, java.lang.Object, java.lang.Object)'> (0x0000000787924870) 
thrown [open/src/hotspot/share/interpreter/linkResolver.cpp, line 773]
Event: 1.980 Thread 0x00007fd070008200 Exception <a 'java/lang/NoSuchMethodError'{0x000000078792d4e8}: 'java.lang.Object java.lang.invoke.DirectMethodHandle$Holder.invokeVirtual(java.lang.Object, java.lang.Object, java.lang.Object)'> (0x000000078792d4e8) 
thrown [open/src/hotspot/share/interpreter/linkResolver.cpp, line 773]
Event: 2.538 Thread 0x00007fd070008200 Exception <a 'java/lang/NoSuchMethodError'{0x00000007874ce350}: 'void java.lang.invoke.DirectMethodHandle$Holder.invokeStaticInit(java.lang.Object, java.lang.Object)'> (0x00000007874ce350) 
thrown [open/src/hotspot/share/interpreter/linkResolver.cpp, line 773]
Event: 2.842 Thread 0x00007fd070008200 Exception <a 'java/lang/NoSuchMethodError'{0x0000000787e77838}: 'int java.lang.invoke.DirectMethodHandle$Holder.invokeSpecial(java.lang.Object, java.lang.Object, java.lang.Object)'> (0x0000000787e77838) 
thrown [open/src/hotspot/share/interpreter/linkResolver.cpp, line 773]
Event: 3.085 Thread 0x00007fd070008200 Exception <a 'java/lang/NoSuchMethodError'{0x0000000787d84a68}: 'void java.lang.invoke.DirectMethodHandle$Holder.invokeVirtual(java.lang.Object, java.lang.Object)'> (0x0000000787d84a68) 
thrown [open/src/hotspot/share/interpreter/linkResolver.cpp, line 773]
Event: 3.388 Thread 0x00007fd070008200 Exception <a 'java/lang/NoSuchMethodError'{0x0000000787a51098}: 'void java.lang.invoke.Invokers$Holder.invokeExact_MT(java.lang.Object, java.lang.Object, java.lang.Object, java.lang.Object)'> (0x0000000787a51098) 
thrown [open/src/hotspot/share/interpreter/linkResolver.cpp, line 773]
Event: 3.405 Thread 0x00007fd070008200 Exception <a 'java/lang/NoSuchMethodError'{0x0000000787a5c818}: 'java.lang.Object java.lang.invoke.DirectMethodHandle$Holder.newInvokeSpecial(java.lang.Object, java.lang.Object, java.lang.Object, int, java.lang.Object)'> (0x0000000787a5c818) 
thrown [open/src/hotspot/share/interpreter/linkResolver.cpp, line 773]
Event: 3.405 Thread 0x00007fd070008200 Exception <a 'java/lang/NoSuchMethodError'{0x0000000787a63ec0}: 'java.lang.Object java.lang.invoke.Invokers$Holder.linkToTargetMethod(java.lang.Object, java.lang.Object, int, java.lang.Object, java.lang.Object)'> (0x0000000787a63ec0) 
thrown [open/src/hotspot/share/interpreter/linkResolver.cpp, line 773]
Event: 3.455 Thread 0x00007fd070008200 Exception <a 'java/lang/NoSuchMethodError'{0x0000000787a67dc8}: 'void java.lang.invoke.DirectMethodHandle$Holder.invokeStatic(java.lang.Object, int, long)'> (0x0000000787a67dc8) 
thrown [open/src/hotspot/share/interpreter/linkResolver.cpp, line 773]
Event: 3.471 Thread 0x00007fd06f081200 Exception <a 'java/lang/NoSuchMethodError'{0x0000000787a38e58}: 'void java.lang.invoke.DirectMethodHandle$Holder.invokeStatic(java.lang.Object, long)'> (0x0000000787a38e58) 
thrown [open/src/hotspot/share/interpreter/linkResolver.cpp, line 773]
Event: 3.550 Thread 0x00007fd070008200 Exception <a 'java/lang/NoSuchMethodError'{0x0000000787a8c0b0}: 'java.lang.Object java.lang.invoke.Invokers$Holder.linkToTargetMethod(int, int, int, int, java.lang.Object)'> (0x0000000787a8c0b0) 
thrown [open/src/hotspot/share/interpreter/linkResolver.cpp, line 773]
Event: 3.552 Thread 0x00007fd070008200 Exception <a 'java/lang/NoSuchMethodError'{0x0000000787a8f6e0}: 'void java.lang.invoke.DirectMethodHandle$Holder.invokeStatic(java.lang.Object, java.lang.Object, long)'> (0x0000000787a8f6e0) 
thrown [open/src/hotspot/share/interpreter/linkResolver.cpp, line 773]

ZGC Phase Switch (0 events):
No events

VM Operations (16 events):
Event: 0.513 Executing VM operation: HandshakeAllThreads (Deoptimize)
Event: 0.513 Executing VM operation: HandshakeAllThreads (Deoptimize) done
Event: 0.971 Executing VM operation: HandshakeAllThreads (Deoptimize)
Event: 0.971 Executing VM operation: HandshakeAllThreads (Deoptimize) done
Event: 1.024 Executing VM operation: HandshakeAllThreads (Deoptimize)
Event: 1.024 Executing VM operation: HandshakeAllThreads (Deoptimize) done
Event: 1.866 Executing VM operation: HandshakeAllThreads (Deoptimize)
Event: 1.866 Executing VM operation: HandshakeAllThreads (Deoptimize) done
Event: 1.866 Executing VM operation: Cleanup
Event: 1.866 Executing VM operation: Cleanup done
Event: 2.664 Executing VM operation: G1CollectForAllocation (G1 Evacuation Pause)
Event: 2.672 Executing VM operation: G1CollectForAllocation (G1 Evacuation Pause) done
Event: 2.710 Executing VM operation: HandshakeAllThreads (Deoptimize)
Event: 2.710 Executing VM operation: HandshakeAllThreads (Deoptimize) done
Event: 3.106 Executing VM operation: HandshakeAllThreads (Deoptimize)
Event: 3.107 Executing VM operation: HandshakeAllThreads (Deoptimize) done

Events (20 events):
Event: 0.324 Thread 0x00007fd070063600 Thread added: 0x00007fd070063600
Event: 0.325 Protecting memory [0x0000700007a8f000,0x0000700007a93000] with protection modes 0
Event: 0.325 Thread 0x00007fd070837c00 Thread added: 0x00007fd070837c00
Event: 0.325 Protecting memory [0x0000700007b92000,0x0000700007b96000] with protection modes 0
Event: 0.403 Thread 0x00007fd070838a00 Thread added: 0x00007fd070838a00
Event: 0.403 Protecting memory [0x0000700007c95000,0x0000700007c99000] with protection modes 0
Event: 0.561 Thread 0x00007fd070839200 Thread added: 0x00007fd070839200
Event: 0.561 Protecting memory [0x0000700007d98000,0x0000700007d9c000] with protection modes 0
Event: 1.039 Protecting memory [0x00007ff7b2416000,0x00007ff7b241a000] with protection modes 0
Event: 1.039 Thread 0x00007fd070837400 Thread added: 0x00007fd070837400
Event: 1.148 Thread 0x00007fd06e8e3c00 Thread added: 0x00007fd06e8e3c00
Event: 1.148 Protecting memory [0x0000700007e9b000,0x0000700007e9f000] with protection modes 0
Event: 1.407 Thread 0x00007fd06e917a00 Thread added: 0x00007fd06e917a00
Event: 1.407 Protecting memory [0x000070000822d000,0x0000700008231000] with protection modes 0
Event: 1.415 Thread 0x00007fd070126600 Thread added: 0x00007fd070126600
Event: 1.415 Protecting memory [0x0000700008330000,0x0000700008334000] with protection modes 0
Event: 1.819 Thread 0x00007fd06f0eaa00 Thread added: 0x00007fd06f0eaa00
Event: 1.820 Protecting memory [0x0000700008433000,0x0000700008437000] with protection modes 0
Event: 3.330 Thread 0x00007fd06f081200 Thread added: 0x00007fd06f081200
Event: 3.332 Protecting memory [0x000070000883f000,0x0000700008843000] with protection modes 0


Dynamic libraries:
0x000000010d413000 	/Library/Java/JavaVirtualMachines/jdk-21.jdk/Contents/Home/lib/libjli.dylib
0x00007ff80da1d000 	/usr/lib/libz.1.dylib
0x00007ff80dafd000 	/usr/lib/libSystem.B.dylib
0x00007ff80daf8000 	/usr/lib/system/libcache.dylib
0x00007ff80dab4000 	/usr/lib/system/libcommonCrypto.dylib
0x00007ff80dadd000 	/usr/lib/system/libcompiler_rt.dylib
0x00007ff80dad3000 	/usr/lib/system/libcopyfile.dylib
0x00007ff802a8d000 	/usr/lib/system/libcorecrypto.dylib
0x00007ff802b4b000 	/usr/lib/system/libdispatch.dylib
0x00007ff802d0b000 	/usr/lib/system/libdyld.dylib
0x00007ff80daef000 	/usr/lib/system/libkeymgr.dylib
0x00007ff80da92000 	/usr/lib/system/libmacho.dylib
0x00007ff80d113000 	/usr/lib/system/libquarantine.dylib
0x00007ff80daed000 	/usr/lib/system/libremovefile.dylib
0x00007ff807c9f000 	/usr/lib/system/libsystem_asl.dylib
0x00007ff802a36000 	/usr/lib/system/libsystem_blocks.dylib
0x00007ff802bcf000 	/usr/lib/system/libsystem_c.dylib
0x00007ff80dae5000 	/usr/lib/system/libsystem_collections.dylib
0x00007ff80c3c7000 	/usr/lib/system/libsystem_configuration.dylib
0x00007ff80b671000 	/usr/lib/system/libsystem_containermanager.dylib
0x00007ff80d7ca000 	/usr/lib/system/libsystem_coreservices.dylib
0x00007ff805342000 	/usr/lib/system/libsystem_darwin.dylib
0x00007ff80daf0000 	/usr/lib/system/libsystem_dnssd.dylib
0x00007ff802bcc000 	/usr/lib/system/libsystem_featureflags.dylib
0x00007ff802d21000 	/usr/lib/system/libsystem_info.dylib
0x00007ff80da30000 	/usr/lib/system/libsystem_m.dylib
0x00007ff802b1f000 	/usr/lib/system/libsystem_malloc.dylib
0x00007ff807c3a000 	/usr/lib/system/libsystem_networkextension.dylib
0x00007ff805768000 	/usr/lib/system/libsystem_notify.dylib
0x00007ff813d71000 	/usr/lib/system/libsystem_product_info_filter.dylib
0x00007ff80c3cb000 	/usr/lib/system/libsystem_sandbox.dylib
0x00007ff80daea000 	/usr/lib/system/libsystem_secinit.dylib
0x00007ff802cc7000 	/usr/lib/system/libsystem_kernel.dylib
0x00007ff802d17000 	/usr/lib/system/libsystem_platform.dylib
0x00007ff802cff000 	/usr/lib/system/libsystem_pthread.dylib
0x00007ff8094ed000 	/usr/lib/system/libsystem_symptoms.dylib
0x00007ff802a74000 	/usr/lib/system/libsystem_trace.dylib
0x00007ff80dac0000 	/usr/lib/system/libunwind.dylib
0x00007ff802a38000 	/usr/lib/system/libxpc.dylib
0x00007ff802cb1000 	/usr/lib/libc++abi.dylib
0x00007ff802b92000 	/usr/lib/libobjc.A.dylib
0x00007ff80dacb000 	/usr/lib/liboah.dylib
0x00007ff802c58000 	/usr/lib/libc++.1.dylib
0x00007ff819b7e000 	/System/Library/Frameworks/Cocoa.framework/Versions/A/Cocoa
0x00007ff8057c6000 	/System/Library/Frameworks/AppKit.framework/Versions/C/AppKit
0x00007ff808cdb000 	/System/Library/Frameworks/CoreData.framework/Versions/A/CoreData
0x00007ff803bc9000 	/System/Library/Frameworks/Foundation.framework/Versions/C/Foundation
0x00007ff806656000 	/System/Library/PrivateFrameworks/UIFoundation.framework/Versions/A/UIFoundation
0x00007ff813a74000 	/System/Library/PrivateFrameworks/RemoteViewServices.framework/Versions/A/RemoteViewServices
0x00007ff80bd51000 	/System/Library/PrivateFrameworks/XCTTargetBootstrap.framework/Versions/A/XCTTargetBootstrap
0x00007ff80f90a000 	/System/Library/PrivateFrameworks/InternationalSupport.framework/Versions/A/InternationalSupport
0x00007ff80f994000 	/System/Library/PrivateFrameworks/UserActivity.framework/Versions/A/UserActivity
0x00007ff80ece6000 	/usr/lib/libspindump.dylib
0x00007ff8068e5000 	/System/Library/Frameworks/UniformTypeIdentifiers.framework/Versions/A/UniformTypeIdentifiers
0x00007ff80a476000 	/usr/lib/libapp_launch_measurement.dylib
0x00007ff8096ad000 	/System/Library/PrivateFrameworks/CoreAnalytics.framework/Versions/A/CoreAnalytics
0x00007ff80a479000 	/System/Library/PrivateFrameworks/CoreAutoLayout.framework/Versions/A/CoreAutoLayout
0x00007ff80b6a9000 	/System/Library/Frameworks/Metal.framework/Versions/A/Metal
0x00007ff80c3d7000 	/usr/lib/liblangid.dylib
0x00007ff80bd56000 	/System/Library/PrivateFrameworks/CoreSVG.framework/Versions/A/CoreSVG
0x00007ff807ccf000 	/System/Library/PrivateFrameworks/SkyLight.framework/Versions/A/SkyLight
0x00007ff80806e000 	/System/Library/Frameworks/CoreGraphics.framework/Versions/A/CoreGraphics
0x00007ff814134000 	/System/Library/Frameworks/Accelerate.framework/Versions/A/Accelerate
0x00007ff80e765000 	/System/Library/PrivateFrameworks/IconServices.framework/Versions/A/IconServices
0x00007ff80b68e000 	/System/Library/Frameworks/IOSurface.framework/Versions/A/IOSurface
0x00007ff8096db000 	/usr/lib/libDiagnosticMessagesClient.dylib
0x00007ff817822000 	/System/Library/Frameworks/ApplicationServices.framework/Versions/A/ApplicationServices
0x00007ff80bd3d000 	/System/Library/PrivateFrameworks/DFRFoundation.framework/Versions/A/DFRFoundation
0x00007ff8050ae000 	/usr/lib/libicucore.A.dylib
0x00007ff810700000 	/System/Library/Frameworks/AudioToolbox.framework/Versions/A/AudioToolbox
0x00007ff80f916000 	/System/Library/PrivateFrameworks/DataDetectorsCore.framework/Versions/A/DataDetectorsCore
0x00007ff90be17000 	/System/Library/PrivateFrameworks/TextInput.framework/Versions/A/TextInput
0x00007ff807c52000 	/usr/lib/libMobileGestalt.dylib
0x00007ff80ba49000 	/System/Library/Frameworks/Carbon.framework/Versions/A/Frameworks/HIToolbox.framework/Versions/A/HIToolbox
0x00007ff809e78000 	/System/Library/Frameworks/QuartzCore.framework/Versions/A/QuartzCore
0x00007ff804d53000 	/System/Library/Frameworks/Security.framework/Versions/A/Security
0x00007ff813aac000 	/System/Library/Frameworks/Carbon.framework/Versions/A/Frameworks/SpeechRecognition.framework/Versions/A/SpeechRecognition
0x00007ff80a1d6000 	/System/Library/PrivateFrameworks/CoreUI.framework/Versions/A/CoreUI
0x00007ff80461d000 	/System/Library/Frameworks/CoreAudio.framework/Versions/A/CoreAudio
0x00007ff8097ca000 	/System/Library/Frameworks/DiskArbitration.framework/Versions/A/DiskArbitration
0x00007ff80f0d6000 	/System/Library/PrivateFrameworks/MultitouchSupport.framework/Versions/A/MultitouchSupport
0x00007ff807c51000 	/usr/lib/libenergytrace.dylib
0x00007ff8056b2000 	/System/Library/Frameworks/IOKit.framework/Versions/A/IOKit
0x00007ff813e9c000 	/System/Library/Frameworks/CoreServices.framework/Versions/A/CoreServices
0x00007ff80a410000 	/System/Library/PrivateFrameworks/PerformanceAnalysis.framework/Versions/A/PerformanceAnalysis
0x00007ffa1baef000 	/System/Library/Frameworks/OpenGL.framework/Versions/A/OpenGL
0x00007ff80d039000 	/System/Library/PrivateFrameworks/MobileKeyBag.framework/Versions/A/MobileKeyBag
0x00007ff80873a000 	/System/Library/Frameworks/ColorSync.framework/Versions/A/ColorSync
0x00007ff802d4c000 	/System/Library/Frameworks/CoreFoundation.framework/Versions/A/CoreFoundation
0x00007ff80bfcd000 	/System/Library/Frameworks/CoreImage.framework/Versions/A/CoreImage
0x00007ff804431000 	/System/Library/Frameworks/CoreText.framework/Versions/A/CoreText
0x00007ff80bd86000 	/System/Library/Frameworks/ImageIO.framework/Versions/A/ImageIO
0x00007ff80db03000 	/System/Library/PrivateFrameworks/SoftLinking.framework/Versions/A/SoftLinking
0x00007ff80a4c1000 	/usr/lib/libxml2.2.dylib
0x00007ff80dd88000 	/usr/lib/libcompression.dylib
0x00007ff80f83d000 	/System/Library/PrivateFrameworks/TextureIO.framework/Versions/A/TextureIO
0x00007ff80e476000 	/usr/lib/libate.dylib
0x00007ff80e252000 	/usr/lib/liblzma.5.dylib
0x00007ff8038db000 	/System/Library/Frameworks/SystemConfiguration.framework/Versions/A/SystemConfiguration
0x00007ff80daff000 	/usr/lib/libfakelink.dylib
0x00007ff8077ac000 	/System/Library/Frameworks/CFNetwork.framework/Versions/A/CFNetwork
0x00007ff80dc40000 	/usr/lib/libarchive.2.dylib
0x00007ff80c3d3000 	/System/Library/PrivateFrameworks/AppleSystemInfo.framework/Versions/A/AppleSystemInfo
0x00007ff80d13a000 	/usr/lib/libbsm.0.dylib
0x00007ff806dbb000 	/usr/lib/libnetwork.dylib
0x00007ff80da98000 	/usr/lib/system/libkxld.dylib
0x00007ff80cd6d000 	/System/Library/PrivateFrameworks/IOMobileFramebuffer.framework/Versions/A/IOMobileFramebuffer
0x00007ffb1b4cd000 	/usr/lib/libCoreEntitlements.dylib
0x00007ff80d7ac000 	/System/Library/PrivateFrameworks/AppleFSCompression.framework/Versions/A/AppleFSCompression
0x00007ff80d122000 	/usr/lib/libcoretls.dylib
0x00007ff80e26c000 	/usr/lib/libcoretls_cfhelpers.dylib
0x00007ff80dd82000 	/usr/lib/libpam.2.dylib
0x00007ff80910c000 	/usr/lib/libsqlite3.dylib
0x00007ff80e2db000 	/usr/lib/libxar.1.dylib
0x00007ff80d7bc000 	/usr/lib/libbz2.1.0.dylib
0x00007ff80db04000 	/usr/lib/libpcap.A.dylib
0x00007ff8094e5000 	/usr/lib/libdns_services.dylib
0x00007ff80dd52000 	/usr/lib/libapple_nghttp2.dylib
0x00007ff80db3e000 	/usr/lib/libiconv.2.dylib
0x00007ff80da91000 	/usr/lib/libcharset.1.dylib
0x00007ff80a444000 	/System/Library/Frameworks/CoreServices.framework/Versions/A/Frameworks/FSEvents.framework/Versions/A/FSEvents
0x00007ff80534c000 	/System/Library/Frameworks/CoreServices.framework/Versions/A/Frameworks/CarbonCore.framework/Versions/A/CarbonCore
0x00007ff80972e000 	/System/Library/Frameworks/CoreServices.framework/Versions/A/Frameworks/Metadata.framework/Versions/A/Metadata
0x00007ff80d7cf000 	/System/Library/Frameworks/CoreServices.framework/Versions/A/Frameworks/OSServices.framework/Versions/A/OSServices
0x00007ff80dcc7000 	/System/Library/Frameworks/CoreServices.framework/Versions/A/Frameworks/SearchKit.framework/Versions/A/SearchKit
0x00007ff809477000 	/System/Library/Frameworks/CoreServices.framework/Versions/A/Frameworks/AE.framework/Versions/A/AE
0x00007ff80324f000 	/System/Library/Frameworks/CoreServices.framework/Versions/A/Frameworks/LaunchServices.framework/Versions/A/LaunchServices
0x00007ff80e203000 	/System/Library/Frameworks/CoreServices.framework/Versions/A/Frameworks/DictionaryServices.framework/Versions/A/DictionaryServices
0x00007ff80a451000 	/System/Library/Frameworks/CoreServices.framework/Versions/A/Frameworks/SharedFileList.framework/Versions/A/SharedFileList
0x00007ff80d116000 	/usr/lib/libCheckFix.dylib
0x00007ff807cb6000 	/System/Library/PrivateFrameworks/TCC.framework/Versions/A/TCC
0x00007ff80c3d9000 	/System/Library/PrivateFrameworks/CoreNLP.framework/Versions/A/CoreNLP
0x00007ff8096de000 	/System/Library/PrivateFrameworks/MetadataUtilities.framework/Versions/A/MetadataUtilities
0x00007ff80398c000 	/usr/lib/libmecabra.dylib
0x00007ff80d14a000 	/usr/lib/libmecab.dylib
0x00007ff803957000 	/usr/lib/libCRFSuite.dylib
0x00007ff80d1a4000 	/usr/lib/libgermantok.dylib
0x00007ff80dd2d000 	/usr/lib/libThaiTokenizer.dylib
0x00007ff8097d1000 	/System/Library/Frameworks/Accelerate.framework/Versions/A/Frameworks/vImage.framework/Versions/A/vImage
0x00007ff813e73000 	/System/Library/Frameworks/Accelerate.framework/Versions/A/Frameworks/vecLib.framework/Versions/A/vecLib
0x00007ff80e31c000 	/System/Library/Frameworks/Accelerate.framework/Versions/A/Frameworks/vecLib.framework/Versions/A/libvMisc.dylib
0x00007ff80cb98000 	/System/Library/Frameworks/Accelerate.framework/Versions/A/Frameworks/vecLib.framework/Versions/A/libvDSP.dylib
0x00007ff8035cb000 	/System/Library/Frameworks/Accelerate.framework/Versions/A/Frameworks/vecLib.framework/Versions/A/libBLAS.dylib
0x00007ff80de65000 	/System/Library/Frameworks/Accelerate.framework/Versions/A/Frameworks/vecLib.framework/Versions/A/libLAPACK.dylib
0x00007ff80d1a7000 	/System/Library/Frameworks/Accelerate.framework/Versions/A/Frameworks/vecLib.framework/Versions/A/libLinearAlgebra.dylib
0x00007ff80dd6a000 	/System/Library/Frameworks/Accelerate.framework/Versions/A/Frameworks/vecLib.framework/Versions/A/libSparseBLAS.dylib
0x00007ff80de5f000 	/System/Library/Frameworks/Accelerate.framework/Versions/A/Frameworks/vecLib.framework/Versions/A/libQuadrature.dylib
0x00007ff80c4c4000 	/System/Library/Frameworks/Accelerate.framework/Versions/A/Frameworks/vecLib.framework/Versions/A/libBNNS.dylib
0x00007ff803865000 	/System/Library/Frameworks/Accelerate.framework/Versions/A/Frameworks/vecLib.framework/Versions/A/libSparse.dylib
0x00007ff80c4bd000 	/System/Library/PrivateFrameworks/LinguisticData.framework/Versions/A/LinguisticData
0x00007ff80381b000 	/System/Library/PrivateFrameworks/Lexicon.framework/Versions/A/Lexicon
0x00007ff80e315000 	/usr/lib/libChineseTokenizer.dylib
0x00007ff803f86000 	/System/Library/PrivateFrameworks/LanguageModeling.framework/Versions/A/LanguageModeling
0x00007ff80dd2f000 	/System/Library/PrivateFrameworks/AppleSauce.framework/Versions/A/AppleSauce
0x00007ff80cd5b000 	/System/Library/PrivateFrameworks/CoreEmoji.framework/Versions/A/CoreEmoji
0x00007ff80dc2f000 	/usr/lib/libcmph.dylib
0x00007ff80a428000 	/System/Library/Frameworks/OpenDirectory.framework/Versions/A/Frameworks/CFOpenDirectory.framework/Versions/A/CFOpenDirectory
0x00007ff80a41c000 	/System/Library/Frameworks/OpenDirectory.framework/Versions/A/OpenDirectory
0x00007ff80e26e000 	/System/Library/PrivateFrameworks/APFS.framework/Versions/A/APFS
0x00007ff80d071000 	/System/Library/Frameworks/SecurityFoundation.framework/Versions/A/SecurityFoundation
0x00007ff80e2e9000 	/usr/lib/libutil.dylib
0x00007ff805676000 	/System/Library/PrivateFrameworks/CoreServicesStore.framework/Versions/A/CoreServicesStore
0x00007ff80e2ed000 	/usr/lib/libxslt.1.dylib
0x00007ff80d0fe000 	/System/Library/PrivateFrameworks/BackgroundTaskManagement.framework/Versions/A/BackgroundTaskManagement
0x00007ff80f75d000 	/System/Library/Frameworks/ImageIO.framework/Versions/A/Resources/libRadiance.dylib
0x00007ff80f766000 	/System/Library/Frameworks/ImageIO.framework/Versions/A/Resources/libJPEG.dylib
0x00007ff80f6b5000 	/System/Library/Frameworks/ImageIO.framework/Versions/A/Resources/libPng.dylib
0x00007ff80f6d6000 	/System/Library/Frameworks/ImageIO.framework/Versions/A/Resources/libTIFF.dylib
0x00007ff80f7c6000 	/System/Library/Frameworks/ImageIO.framework/Versions/A/Resources/libGIF.dylib
0x00007ff80eff0000 	/System/Library/Frameworks/ImageIO.framework/Versions/A/Resources/libJP2.dylib
0x00007ff80e72b000 	/usr/lib/libexpat.1.dylib
0x00007ff80efa5000 	/System/Library/PrivateFrameworks/AppleJPEG.framework/Versions/A/AppleJPEG
0x00007ff80b90e000 	/System/Library/PrivateFrameworks/FontServices.framework/libFontParser.dylib
0x00007ff809421000 	/System/Library/PrivateFrameworks/RunningBoardServices.framework/Versions/A/RunningBoardServices
0x00007ff81a139000 	/System/Library/PrivateFrameworks/IOSurfaceAccelerator.framework/Versions/A/IOSurfaceAccelerator
0x00007ff80f0d2000 	/System/Library/PrivateFrameworks/WatchdogClient.framework/Versions/A/WatchdogClient
0x00007ff804074000 	/System/Library/Frameworks/CoreDisplay.framework/Versions/A/CoreDisplay
0x00007ff80b80c000 	/System/Library/Frameworks/CoreMedia.framework/Versions/A/CoreMedia
0x00007ff80b6a0000 	/System/Library/PrivateFrameworks/IOAccelerator.framework/Versions/A/IOAccelerator
0x00007ff80a5a5000 	/System/Library/Frameworks/CoreVideo.framework/Versions/A/CoreVideo
0x00007ff80dd80000 	/System/Library/Frameworks/MetalPerformanceShaders.framework/Versions/A/MetalPerformanceShaders
0x00007ff80f10f000 	/System/Library/Frameworks/VideoToolbox.framework/Versions/A/VideoToolbox
0x00007ff80936b000 	/System/Library/PrivateFrameworks/BaseBoard.framework/Versions/A/BaseBoard
0x00007ff8090f2000 	/System/Library/PrivateFrameworks/ProtocolBuffer.framework/Versions/A/ProtocolBuffer
0x00007ff80f756000 	/System/Library/PrivateFrameworks/GPUWrangler.framework/Versions/A/GPUWrangler
0x00007ff80f73a000 	/System/Library/PrivateFrameworks/IOPresentment.framework/Versions/A/IOPresentment
0x00007ff80f760000 	/System/Library/PrivateFrameworks/DSExternalDisplay.framework/Versions/A/DSExternalDisplay
0x00007ffa1bae3000 	/System/Library/Frameworks/OpenGL.framework/Versions/A/Libraries/libCoreFSCache.dylib
0x00007ffb08bbc000 	/System/Library/PrivateFrameworks/GPUCompiler.framework/Versions/31001/Libraries/libGPUCompilerUtils.dylib
0x00007ff80f7cb000 	/System/Library/PrivateFrameworks/CMCaptureCore.framework/Versions/A/CMCaptureCore
0x00007ff80ecd4000 	/System/Library/PrivateFrameworks/AppServerSupport.framework/Versions/A/AppServerSupport
0x00007ff810f99000 	/System/Library/PrivateFrameworks/perfdata.framework/Versions/A/perfdata
0x00007ff8041a0000 	/System/Library/PrivateFrameworks/AudioToolboxCore.framework/Versions/A/AudioToolboxCore
0x00007ff80b7ea000 	/System/Library/PrivateFrameworks/caulk.framework/Versions/A/caulk
0x00007ff8108ab000 	/usr/lib/libAudioStatistics.dylib
0x00007ff9085a1000 	/System/Library/PrivateFrameworks/SystemPolicy.framework/Versions/A/SystemPolicy
0x00007ff810b06000 	/usr/lib/libSMC.dylib
0x00007ff819a31000 	/System/Library/Frameworks/CoreMIDI.framework/Versions/A/CoreMIDI
0x00007ff80f684000 	/usr/lib/libAudioToolboxUtility.dylib
0x00007ff9047c9000 	/System/Library/PrivateFrameworks/OSAServicesClient.framework/Versions/A/OSAServicesClient
0x00007ff810fa6000 	/usr/lib/libperfcheck.dylib
0x00007ff909052000 	/usr/lib/libmis.dylib
0x00007ffa1bb3e000 	/System/Library/Frameworks/OpenGL.framework/Versions/A/Libraries/libGLU.dylib
0x00007ffa1bb02000 	/System/Library/Frameworks/OpenGL.framework/Versions/A/Libraries/libGFXShared.dylib
0x00007ffa1bd0b000 	/System/Library/Frameworks/OpenGL.framework/Versions/A/Libraries/libGL.dylib
0x00007ffa1bb0b000 	/System/Library/Frameworks/OpenGL.framework/Versions/A/Libraries/libGLImage.dylib
0x00007ffa1baff000 	/System/Library/Frameworks/OpenGL.framework/Versions/A/Libraries/libCVMSPluginSupport.dylib
0x00007ffa1baea000 	/System/Library/Frameworks/OpenGL.framework/Versions/A/Libraries/libCoreVMClient.dylib
0x00007ff80c355000 	/System/Library/Frameworks/MetalPerformanceShaders.framework/Versions/A/Frameworks/MPSCore.framework/Versions/A/MPSCore
0x00007ff80d717000 	/System/Library/Frameworks/MetalPerformanceShaders.framework/Versions/A/Frameworks/MPSImage.framework/Versions/A/MPSImage
0x00007ff80d1bd000 	/System/Library/Frameworks/MetalPerformanceShaders.framework/Versions/A/Frameworks/MPSNeuralNetwork.framework/Versions/A/MPSNeuralNetwork
0x00007ff80d631000 	/System/Library/Frameworks/MetalPerformanceShaders.framework/Versions/A/Frameworks/MPSMatrix.framework/Versions/A/MPSMatrix
0x00007ff80d3ec000 	/System/Library/Frameworks/MetalPerformanceShaders.framework/Versions/A/Frameworks/MPSRayIntersector.framework/Versions/A/MPSRayIntersector
0x00007ff80d669000 	/System/Library/Frameworks/MetalPerformanceShaders.framework/Versions/A/Frameworks/MPSNDArray.framework/Versions/A/MPSNDArray
0x00007ffa215c3000 	/System/Library/Frameworks/MetalPerformanceShaders.framework/Versions/A/Frameworks/MPSFunctions.framework/Versions/A/MPSFunctions
0x00007ff8034a7000 	/System/Library/PrivateFrameworks/MetalTools.framework/Versions/A/MetalTools
0x00007ff80c3d1000 	/System/Library/PrivateFrameworks/AggregateDictionary.framework/Versions/A/AggregateDictionary
0x00007ff80e50d000 	/usr/lib/libIOReport.dylib
0x00007ffa1d11a000 	/System/Library/Frameworks/OpenCL.framework/Versions/A/OpenCL
0x00007ff80e872000 	/System/Library/PrivateFrameworks/FaceCore.framework/Versions/A/FaceCore
0x00007ff80e863000 	/System/Library/PrivateFrameworks/GraphVisualizer.framework/Versions/A/GraphVisualizer
0x00007ffb08ac7000 	/System/Library/PrivateFrameworks/FontServices.framework/Versions/A/FontServices
0x00007ff80ec8c000 	/System/Library/PrivateFrameworks/OTSVG.framework/Versions/A/OTSVG
0x00007ff80a18b000 	/System/Library/Frameworks/ApplicationServices.framework/Versions/A/Frameworks/ATS.framework/Versions/A/Resources/libFontRegistry.dylib
0x00007ff80ecdc000 	/System/Library/PrivateFrameworks/FontServices.framework/libhvf.dylib
0x00007ffb08ac8000 	/System/Library/PrivateFrameworks/FontServices.framework/libXTFontStaticRegistryData.dylib
0x00007ff80e6db000 	/System/Library/PrivateFrameworks/AppleVA.framework/Versions/A/AppleVA
0x00007ff8108cb000 	/System/Library/Frameworks/ApplicationServices.framework/Versions/A/Frameworks/ATS.framework/Versions/A/ATS
0x00007ff808838000 	/System/Library/Frameworks/ApplicationServices.framework/Versions/A/Frameworks/HIServices.framework/Versions/A/HIServices
0x00007ff80f7d5000 	/System/Library/Frameworks/ApplicationServices.framework/Versions/A/Frameworks/PrintCore.framework/Versions/A/PrintCore
0x00007ff810c59000 	/System/Library/Frameworks/ApplicationServices.framework/Versions/A/Frameworks/QD.framework/Versions/A/QD
0x00007ff810c51000 	/System/Library/Frameworks/ApplicationServices.framework/Versions/A/Frameworks/ColorSyncLegacy.framework/Versions/A/ColorSyncLegacy
0x00007ff8108bb000 	/System/Library/Frameworks/ApplicationServices.framework/Versions/A/Frameworks/SpeechSynthesis.framework/Versions/A/SpeechSynthesis
0x00007ff80f796000 	/System/Library/Frameworks/ApplicationServices.framework/Versions/A/Frameworks/ATSUI.framework/Versions/A/ATSUI
0x00007ff810be6000 	/usr/lib/libcups.2.dylib
0x00007ff810fb5000 	/System/Library/Frameworks/Kerberos.framework/Versions/A/Kerberos
0x00007ff810fc4000 	/System/Library/Frameworks/GSS.framework/Versions/A/GSS
0x00007ff810937000 	/usr/lib/libresolv.9.dylib
0x00007ff80eceb000 	/System/Library/PrivateFrameworks/Heimdal.framework/Versions/A/Heimdal
0x00007ff817bb4000 	/System/Library/Frameworks/Kerberos.framework/Versions/A/Libraries/libHeimdalProxy.dylib
0x00007ff8094f5000 	/System/Library/Frameworks/Network.framework/Versions/A/Network
0x00007ff80e746000 	/usr/lib/libheimdal-asn1.dylib
0x00007ff81100f000 	/System/Library/PrivateFrameworks/CommonAuth.framework/Versions/A/CommonAuth
0x00007ff81083d000 	/System/Library/PrivateFrameworks/AudioSession.framework/Versions/A/AudioSession
0x00007ff80e7d6000 	/System/Library/PrivateFrameworks/MediaExperience.framework/Versions/A/MediaExperience
0x00007ff8106cf000 	/System/Library/PrivateFrameworks/AudioSession.framework/libSessionUtility.dylib
0x00007ff810c65000 	/System/Library/PrivateFrameworks/AudioResourceArbitration.framework/Versions/A/AudioResourceArbitration
0x00007ff814ce6000 	/System/Library/PrivateFrameworks/PowerLog.framework/Versions/A/PowerLog
0x00007ff80e74f000 	/System/Library/PrivateFrameworks/IconFoundation.framework/Versions/A/IconFoundation
0x00007ff813a9c000 	/System/Library/PrivateFrameworks/SpeechRecognitionCore.framework/Versions/A/SpeechRecognitionCore
0x000000010e65a000 	/Library/Java/JavaVirtualMachines/jdk-21.jdk/Contents/Home/lib/server/libjvm.dylib
0x000000010d442000 	/Library/Java/JavaVirtualMachines/jdk-21.jdk/Contents/Home/lib/libjimage.dylib
0x000000010d4bc000 	/Library/Java/JavaVirtualMachines/jdk-21.jdk/Contents/Home/lib/libjava.dylib
0x000000010df1e000 	/Library/Java/JavaVirtualMachines/jdk-21.jdk/Contents/Home/lib/libnio.dylib
0x000000010df3a000 	/Library/Java/JavaVirtualMachines/jdk-21.jdk/Contents/Home/lib/libnet.dylib
0x000000010df4e000 	/Library/Java/JavaVirtualMachines/jdk-21.jdk/Contents/Home/lib/libzip.dylib
0x000000010e001000 	/Library/Java/JavaVirtualMachines/jdk-21.jdk/Contents/Home/lib/libawt.dylib
0x000000010e0c1000 	/Library/Java/JavaVirtualMachines/jdk-21.jdk/Contents/Home/lib/libmlib_image.dylib
0x00007ffa2152c000 	/System/Library/Frameworks/JavaRuntimeSupport.framework/Versions/A/JavaRuntimeSupport
0x00007ff9080c5000 	/System/Library/Frameworks/Carbon.framework/Versions/A/Carbon
0x00007ff815f61000 	/System/Library/PrivateFrameworks/CoreSymbolication.framework/Versions/A/CoreSymbolication
0x00007ff81b4d0000 	/System/Library/Frameworks/Carbon.framework/Versions/A/Frameworks/CommonPanels.framework/Versions/A/CommonPanels
0x00007ff817596000 	/System/Library/Frameworks/Carbon.framework/Versions/A/Frameworks/Help.framework/Versions/A/Help
0x00007ff81b4d4000 	/System/Library/Frameworks/Carbon.framework/Versions/A/Frameworks/ImageCapture.framework/Versions/A/ImageCapture
0x00007ff81b4a4000 	/System/Library/Frameworks/Carbon.framework/Versions/A/Frameworks/OpenScripting.framework/Versions/A/OpenScripting
0x00007ff81b4cc000 	/System/Library/Frameworks/Carbon.framework/Versions/A/Frameworks/Ink.framework/Versions/A/Ink
0x00007ff9080c1000 	/System/Library/Frameworks/Carbon.framework/Versions/A/Frameworks/Print.framework/Versions/A/Print
0x00007ff81b4c8000 	/System/Library/Frameworks/Carbon.framework/Versions/A/Frameworks/SecurityHI.framework/Versions/A/SecurityHI
0x00007ff815f26000 	/System/Library/PrivateFrameworks/DebugSymbols.framework/Versions/A/DebugSymbols
0x000000010e289000 	/Library/Java/JavaVirtualMachines/jdk-21.jdk/Contents/Home/lib/libawt_lwawt.dylib
0x000000010df87000 	/Library/Java/JavaVirtualMachines/jdk-21.jdk/Contents/Home/lib/libosxapp.dylib
0x00007ff90738f000 	/System/Library/Frameworks/ExceptionHandling.framework/Versions/A/ExceptionHandling
0x000000010f8e2000 	/Library/Java/JavaVirtualMachines/jdk-21.jdk/Contents/Home/lib/libfontmanager.dylib
0x000000010e3b9000 	/Library/Java/JavaVirtualMachines/jdk-21.jdk/Contents/Home/lib/libfreetype.dylib
0x00007ff805638000 	/System/Library/PrivateFrameworks/CoreServicesInternal.framework/Versions/A/CoreServicesInternal
0x00007ff8152d7000 	/System/Library/Frameworks/FileProvider.framework/Versions/A/FileProvider
0x00007ff8092d8000 	/System/Library/Frameworks/Accounts.framework/Versions/A/Accounts
0x00007ff815450000 	/System/Library/PrivateFrameworks/GenerationalStorage.framework/Versions/A/GenerationalStorage
0x00007ff814cdb000 	/System/Library/PrivateFrameworks/SymptomDiagnosticReporter.framework/Versions/A/SymptomDiagnosticReporter
0x00007ff8068f9000 	/System/Library/PrivateFrameworks/DesktopServicesPriv.framework/Versions/A/DesktopServicesPriv
0x00007ff805777000 	/usr/lib/libsandbox.1.dylib
0x00007ff80a624000 	/System/Library/PrivateFrameworks/UserManagement.framework/Versions/A/UserManagement
0x00007ff810c46000 	/System/Library/PrivateFrameworks/NetAuth.framework/Versions/A/NetAuth
0x00007ff811b55000 	/System/Library/PrivateFrameworks/Sharing.framework/Versions/A/Sharing
0x00007ff80a5f7000 	/System/Library/PrivateFrameworks/login.framework/Versions/A/Frameworks/loginsupport.framework/Versions/A/loginsupport
0x00007ff8170c4000 	/System/Library/PrivateFrameworks/Apple80211.framework/Versions/A/Apple80211
0x00007ff80d7fc000 	/System/Library/PrivateFrameworks/AuthKit.framework/Versions/A/AuthKit
0x00007ff80ce51000 	/System/Library/PrivateFrameworks/CoreUtils.framework/Versions/A/CoreUtils
0x00007ff80cd78000 	/System/Library/Frameworks/CoreWLAN.framework/Versions/A/CoreWLAN
0x00007ff811cb4000 	/System/Library/Frameworks/IOBluetooth.framework/Versions/A/IOBluetooth
0x00007ff81712c000 	/System/Library/PrivateFrameworks/CoreWiFi.framework/Versions/A/CoreWiFi
0x00007ff815afa000 	/System/Library/PrivateFrameworks/FrontBoardServices.framework/Versions/A/FrontBoardServices
0x00007ff815b8b000 	/System/Library/PrivateFrameworks/BoardServices.framework/Versions/A/BoardServices
0x00007ff80d060000 	/System/Library/PrivateFrameworks/AssertionServices.framework/Versions/A/AssertionServices
0x00007ff8172af000 	/System/Library/PrivateFrameworks/BackBoardServices.framework/Versions/A/BackBoardServices
0x00007ff8110a0000 	/System/Library/PrivateFrameworks/CorePhoneNumbers.framework/Versions/A/CorePhoneNumbers
0x00007ff810964000 	/System/Library/PrivateFrameworks/MultiverseSupport.framework/Versions/A/MultiverseSupport
0x00007ff817523000 	/System/Library/PrivateFrameworks/RemoteServiceDiscovery.framework/Versions/A/RemoteServiceDiscovery
0x00007ff814df8000 	/System/Library/PrivateFrameworks/DiskManagement.framework/Versions/A/DiskManagement
0x00007ff814d0c000 	/System/Library/PrivateFrameworks/AppleIDAuthSupport.framework/Versions/A/AppleIDAuthSupport
0x00007ffb03442000 	/System/Library/PrivateFrameworks/AAAFoundation.framework/Versions/A/AAAFoundation
0x00007ff811081000 	/System/Library/PrivateFrameworks/KeychainCircle.framework/Versions/A/KeychainCircle
0x00007ff817533000 	/System/Library/PrivateFrameworks/RemoteXPC.framework/Versions/A/RemoteXPC
0x00007ff814dc4000 	/System/Library/PrivateFrameworks/MediaKit.framework/Versions/A/MediaKit
0x00007ff814d18000 	/System/Library/Frameworks/DiscRecording.framework/Versions/A/DiscRecording
0x00007ff80e653000 	/usr/lib/libCoreStorage.dylib
0x00007ff81759e000 	/usr/lib/libcsfde.dylib
0x00007ff811d81000 	/System/Library/PrivateFrameworks/ProtectedCloudStorage.framework/Versions/A/ProtectedCloudStorage
0x00007ff81759a000 	/System/Library/PrivateFrameworks/EFILogin.framework/Versions/A/EFILogin
0x00007ff815476000 	/System/Library/PrivateFrameworks/OctagonTrust.framework/Versions/A/OctagonTrust
0x00007ffb07d2a000 	/System/Library/PrivateFrameworks/CoreUtilsExtras.framework/Versions/A/CoreUtilsExtras
0x00007ff814c3f000 	/System/Library/Frameworks/CoreBluetooth.framework/Versions/A/CoreBluetooth
0x00007ff817c39000 	/System/Library/Frameworks/AudioUnit.framework/Versions/A/AudioUnit
0x00007ff80e64b000 	/usr/lib/libMatch.1.dylib
0x00007ff90fe4d000 	/System/Library/CoreServices/RawCamera.bundle/Contents/MacOS/RawCamera
0x00007ff81101f000 	/System/Library/PrivateFrameworks/MobileAsset.framework/Versions/A/MobileAsset
0x00007ff817c60000 	/System/Library/PrivateFrameworks/StreamingZip.framework/Versions/A/StreamingZip
0x00007ffb0501e000 	/System/Library/PrivateFrameworks/CMPhoto.framework/Versions/A/CMPhoto
0x00007ff815dfc000 	/System/Library/PrivateFrameworks/AppleVPA.framework/Versions/A/AppleVPA
0x00007ff80f9ff000 	/System/Library/Frameworks/MediaToolbox.framework/Versions/A/MediaToolbox
0x00007ff8152a7000 	/System/Library/PrivateFrameworks/CoreAVCHD.framework/Versions/A/CoreAVCHD
0x00007ff81417c000 	/System/Library/Frameworks/MediaAccessibility.framework/Versions/A/MediaAccessibility
0x00007ff8152a3000 	/System/Library/PrivateFrameworks/Mangrove.framework/Versions/A/Mangrove
0x00007ff814187000 	/System/Library/PrivateFrameworks/AlgosScoreFramework.framework/Versions/A/AlgosScoreFramework
0x00007ff814ee8000 	/System/Library/PrivateFrameworks/CoreAUC.framework/Versions/A/CoreAUC
0x00007ff90d676000 	/System/Library/Frameworks/Accelerate.framework/Versions/A/Frameworks/vImage.framework/Versions/A/Libraries/libCGInterfaces.dylib
0x000000010e562000 	/usr/lib/libobjc-trampolines.dylib
0x00007ff80a31c000 	/System/Library/PrivateFrameworks/ViewBridge.framework/Versions/A/ViewBridge
0x00007ffb1b5bc000 	/usr/lib/libRosetta.dylib
0x00007ffa12eef000 	/System/Library/Extensions/AppleIntelBDWGraphicsMTLDriver.bundle/Contents/MacOS/AppleIntelBDWGraphicsMTLDriver
0x00007ff90906d000 	/System/Library/PrivateFrameworks/GPURawCounter.framework/Versions/A/GPURawCounter
0x0000000111291000 	/Library/Java/JavaVirtualMachines/jdk-21.jdk/Contents/Home/lib/libosxui.dylib
0x00000001112a5000 	/Library/Java/JavaVirtualMachines/jdk-21.jdk/Contents/Home/lib/libextnet.dylib
0x00007ff80eda3000 	/System/Library/PrivateFrameworks/login.framework/Versions/A/login


VM Arguments:
jvm_args: -Dfile.encoding=UTF-8 --module-path=/Users/raani/Desktop/java project /BankManagement/build/classes 
java_command: bankmanagement.MiniStatement
java_class_path (initial): /Users/raani/mysql-connector-j-8.1.0.jar:/Users/raani/mysql-connector-java-8.0.28 (2).jar:/Users/raani/rs2xml.jar:/Users/raani/Desktop/java project /BankManagement/build/classes
Launcher Type: SUN_STANDARD

[Global flags]
     intx CICompilerCount                          = 3                                         {product} {ergonomic}
     uint ConcGCThreads                            = 1                                         {product} {ergonomic}
     uint G1ConcRefinementThreads                  = 4                                         {product} {ergonomic}
   size_t G1HeapRegionSize                         = 1048576                                   {product} {ergonomic}
    uintx GCDrainStackTargetSize                   = 64                                        {product} {ergonomic}
   size_t InitialHeapSize                          = 134217728                                 {product} {ergonomic}
   size_t MarkStackSize                            = 4194304                                   {product} {ergonomic}
   size_t MaxHeapSize                              = 2147483648                                {product} {ergonomic}
   size_t MaxNewSize                               = 1287651328                                {product} {ergonomic}
   size_t MinHeapDeltaBytes                        = 1048576                                   {product} {ergonomic}
   size_t MinHeapSize                              = 8388608                                   {product} {ergonomic}
    uintx NonNMethodCodeHeapSize                   = 5832780                                {pd product} {ergonomic}
    uintx NonProfiledCodeHeapSize                  = 122912730                              {pd product} {ergonomic}
    uintx ProfiledCodeHeapSize                     = 122912730                              {pd product} {ergonomic}
    uintx ReservedCodeCacheSize                    = 251658240                              {pd product} {ergonomic}
     bool SegmentedCodeCache                       = true                                      {product} {ergonomic}
   size_t SoftMaxHeapSize                          = 2147483648                             {manageable} {ergonomic}
     bool UseCompressedOops                        = true                           {product lp64_product} {ergonomic}
     bool UseG1GC                                  = true                                      {product} {ergonomic}
     bool UseNUMA                                  = false                                     {product} {ergonomic}
     bool UseNUMAInterleaving                      = false                                     {product} {ergonomic}

Logging:
Log output configuration:
 #0: stdout all=warning uptime,level,tags foldmultilines=false
 #1: stderr all=off uptime,level,tags foldmultilines=false

Environment Variables:
PATH=/usr/bin:/bin:/usr/sbin:/sbin
SHELL=/bin/zsh
LC_CTYPE=UTF-8
TMPDIR=/var/folders/29/813lslsd3_q5d70wf2hdsx_c0000gp/T/

Active Locale:
LC_ALL=C/UTF-8/C/C/C/C
LC_COLLATE=C
LC_CTYPE=UTF-8
LC_MESSAGES=C
LC_MONETARY=C
LC_NUMERIC=C
LC_TIME=C

Signal Handlers:
   SIGSEGV: crash_handler in libjvm.dylib, mask=11100110000111110111111111111111, flags=SA_ONSTACK|SA_RESTART|SA_SIGINFO, unblocked
    SIGBUS: crash_handler in libjvm.dylib, mask=11100110000111110111111111111111, flags=SA_RESTART|SA_SIGINFO, unblocked
    SIGFPE: crash_handler in libjvm.dylib, mask=11100110000111110111111111111111, flags=SA_RESTART|SA_SIGINFO, unblocked
   SIGPIPE: javaSignalHandler in libjvm.dylib, mask=11100110000111110111111111111111, flags=SA_RESTART|SA_SIGINFO, blocked
   SIGXFSZ: javaSignalHandler in libjvm.dylib, mask=11100110000111110111111111111111, flags=SA_RESTART|SA_SIGINFO, blocked
    SIGILL: crash_handler in libjvm.dylib, mask=11100110000111110111111111111111, flags=SA_RESTART|SA_SIGINFO, unblocked
   SIGUSR2: SR_handler in libjvm.dylib, mask=00000000000000000000000000000000, flags=SA_RESTART|SA_SIGINFO, blocked
    SIGHUP: UserHandler in libjvm.dylib, mask=11100110000111110111111111111111, flags=SA_RESTART|SA_SIGINFO, blocked
    SIGINT: SIG_IGN, mask=00000000000000000000000000000000, flags=none, blocked
   SIGTERM: UserHandler in libjvm.dylib, mask=11100110000111110111111111111111, flags=SA_RESTART|SA_SIGINFO, blocked
   SIGQUIT: UserHandler in libjvm.dylib, mask=11100110000111110111111111111111, flags=SA_RESTART|SA_SIGINFO, blocked
   SIGTRAP: crash_handler in libjvm.dylib, mask=11100110000111110111111111111111, flags=SA_RESTART|SA_SIGINFO, unblocked


---------------  S Y S T E M  ---------------

OS:
uname: Darwin 21.6.0 Darwin Kernel Version 21.6.0: Thu Jul  6 22:18:26 PDT 2023; root:xnu-8020.240.18.702.13~1/RELEASE_X86_64 x86_64
OS uptime: 13 days 0:23 hours
rlimit (soft/hard): STACK 8192k/65532k , CORE 0k/infinity , NPROC 1392/2088 , NOFILE 10240/infinity , AS infinity/infinity , CPU infinity/infinity , DATA infinity/infinity , FSIZE infinity/infinity , MEMLOCK infinity/infinity , RSS infinity/infinity
load average: 3.12 4.65 5.26

CPU: total 4 (initial active 4) (2 cores per cpu, 2 threads per core) family 6 model 61 stepping 4 microcode 0x2f, cx8, cmov, fxsr, ht, mmx, 3dnowpref, sse, sse2, sse3, ssse3, sse4.1, sse4.2, popcnt, lzcnt, tsc, tscinvbit, avx, avx2, aes, erms, clmul, bmi1, bmi2, rtm, adx, fma, vzeroupper, clflush, rdtscp, f16c
machdep.cpu.brand_string:Intel(R) Core(TM) i5-5350U CPU @ 1.80GHz
hw.cpufrequency:1800000000
hw.cpufrequency_min:1800000000
hw.cpufrequency_max:1800000000
hw.cachelinesize:64
hw.l1icachesize:32768
hw.l1dcachesize:32768
hw.l2cachesize:262144
hw.l3cachesize:3145728

Memory: 4k page, physical 8388608k(107452k free), swap 5242880k(740352k free)

vm_info: Java HotSpot(TM) 64-Bit Server VM (21+35-LTS-2513) for bsd-amd64 JRE (21+35-LTS-2513), built on 2023-08-09T20:25:10Z by "mach5one" with clang Apple LLVM 12.0.0 (clang-1200.0.32.29)

END.
